   1               		.file	"menu.c"
   2               	__SREG__ = 0x3f
   3               	__SP_H__ = 0x3e
   4               	__SP_L__ = 0x3d
   5               	__tmp_reg__ = 0
   6               	__zero_reg__ = 1
   7               		.global __do_copy_data
   8               		.global __do_clear_bss
   9               		.text
  10               	.global	LcdClear
  12               	LcdClear:
  13               	/* prologue: frame size=0 */
  14               	/* prologue end (size=0) */
  15 0000 E0E0      		ldi r30,lo8(DisplayBuff)
  16 0002 F0E0      		ldi r31,hi8(DisplayBuff)
  17               	.L2:
  18 0004 80E2      		ldi r24,lo8(32)
  19 0006 8193      		st Z+,r24
  20 0008 80E0      		ldi r24,hi8(DisplayBuff+80)
  21 000a E030      		cpi r30,lo8(DisplayBuff+80)
  22 000c F807      		cpc r31,r24
  23 000e 01F4      		brne .L2
  24               	/* epilogue: frame size=0 */
  25 0010 0895      		ret
  26               	/* epilogue end (size=1) */
  27               	/* function LcdClear size 9 (8) */
  29               	.global	Menu
  31               	Menu:
  32               	/* prologue: frame size=0 */
  33 0012 1F93      		push r17
  34               	/* prologue end (size=1) */
  35 0014 8091 0000 		lds r24,RemoteTasten
  36 0018 282F      		mov r18,r24
  37 001a 30E0      		ldi r19,lo8(0)
  38 001c C901      		movw r24,r18
  39 001e 8170      		andi r24,lo8(1)
  40 0020 9070      		andi r25,hi8(1)
  41 0022 682F      		mov r22,r24
  42 0024 8823      		tst r24
  43 0026 01F0      		breq .L8
  44 0028 8091 0000 		lds r24,MenuePunkt.2240
  45 002c 8823      		tst r24
  46 002e 01F0      		breq .L10
  47 0030 8150      		subi r24,lo8(-(-1))
  48 0032 00C0      		rjmp .L51
  49               	.L10:
  50 0034 8091 0000 		lds r24,MaxMenue.2239
  51               	.L51:
  52 0038 8093 0000 		sts MenuePunkt.2240,r24
  53 003c E0E0      		ldi r30,lo8(DisplayBuff)
  54 003e F0E0      		ldi r31,hi8(DisplayBuff)
  55               	.L13:
  56 0040 80E2      		ldi r24,lo8(32)
  57 0042 8193      		st Z+,r24
  58 0044 80E0      		ldi r24,hi8(DisplayBuff+80)
  59 0046 E030      		cpi r30,lo8(DisplayBuff+80)
  60 0048 F807      		cpc r31,r24
  61 004a 01F4      		brne .L13
  62 004c 8FEF      		ldi r24,lo8(-1)
  63 004e 8093 0000 		sts RemotePollDisplayLine,r24
  64               	.L8:
  65 0052 A901      		movw r20,r18
  66 0054 4270      		andi r20,lo8(2)
  67 0056 5070      		andi r21,hi8(2)
  68 0058 21FF      		sbrs r18,1
  69 005a 00C0      		rjmp .L15
  70 005c 8091 0000 		lds r24,MenuePunkt.2240
  71 0060 8F5F      		subi r24,lo8(-(1))
  72 0062 8093 0000 		sts MenuePunkt.2240,r24
  73 0066 E0E0      		ldi r30,lo8(DisplayBuff)
  74 0068 F0E0      		ldi r31,hi8(DisplayBuff)
  75               	.L17:
  76 006a 80E2      		ldi r24,lo8(32)
  77 006c 8193      		st Z+,r24
  78 006e 90E0      		ldi r25,hi8(DisplayBuff+80)
  79 0070 E030      		cpi r30,lo8(DisplayBuff+80)
  80 0072 F907      		cpc r31,r25
  81 0074 01F4      		brne .L17
  82 0076 8FEF      		ldi r24,lo8(-1)
  83 0078 8093 0000 		sts RemotePollDisplayLine,r24
  84               	.L15:
  85 007c 6623      		tst r22
  86 007e 01F0      		breq .L19
  87 0080 452B      		or r20,r21
  88 0082 01F0      		breq .L19
  89 0084 1092 0000 		sts MenuePunkt.2240,__zero_reg__
  90               	.L19:
  91 0088 8091 0000 		lds r24,MenuePunkt.2240
  92 008c 282F      		mov r18,r24
  93 008e 30E0      		ldi r19,lo8(0)
  94 0090 8A30      		cpi r24,lo8(10)
  95 0092 00F4      		brsh .L22
  96 0094 81E1      		ldi r24,lo8(17)
  97 0096 8093 0000 		sts DispPtr,r24
  98 009a 3F93      		push r19
  99 009c 2F93      		push r18
 100 009e 80E0      		ldi r24,lo8(__c.2241)
 101 00a0 90E0      		ldi r25,hi8(__c.2241)
 102 00a2 00C0      		rjmp .L52
 103               	.L22:
 104 00a4 80E1      		ldi r24,lo8(16)
 105 00a6 8093 0000 		sts DispPtr,r24
 106 00aa 3F93      		push r19
 107 00ac 2F93      		push r18
 108 00ae 80E0      		ldi r24,lo8(__c.2243)
 109 00b0 90E0      		ldi r25,hi8(__c.2243)
 110               	.L52:
 111 00b2 9F93      		push r25
 112 00b4 8F93      		push r24
 113 00b6 81E0      		ldi r24,lo8(1)
 114 00b8 8F93      		push r24
 115 00ba 0E94 0000 		call _printf_P
 116 00be 0F90      		pop __tmp_reg__
 117 00c0 0F90      		pop __tmp_reg__
 118 00c2 0F90      		pop __tmp_reg__
 119 00c4 0F90      		pop __tmp_reg__
 120 00c6 0F90      		pop __tmp_reg__
 121 00c8 1091 0000 		lds r17,MenuePunkt.2240
 122 00cc 1530      		cpi r17,lo8(5)
 123 00ce 01F4      		brne .+2
 124 00d0 00C0      		rjmp .L31
 125 00d2 1630      		cpi r17,lo8(6)
 126 00d4 00F4      		brsh .L38
 127 00d6 1230      		cpi r17,lo8(2)
 128 00d8 01F4      		brne .+2
 129 00da 00C0      		rjmp .L28
 130 00dc 1330      		cpi r17,lo8(3)
 131 00de 00F4      		brsh .L39
 132 00e0 1123      		tst r17
 133 00e2 01F0      		breq .L26
 134 00e4 1130      		cpi r17,lo8(1)
 135 00e6 01F0      		breq .+2
 136 00e8 00C0      		rjmp .L25
 137 00ea 00C0      		rjmp .L27
 138               	.L39:
 139 00ec 1330      		cpi r17,lo8(3)
 140 00ee 01F4      		brne .+2
 141 00f0 00C0      		rjmp .L29
 142 00f2 1430      		cpi r17,lo8(4)
 143 00f4 01F0      		breq .+2
 144 00f6 00C0      		rjmp .L25
 145 00f8 00C0      		rjmp .L30
 146               	.L38:
 147 00fa 1830      		cpi r17,lo8(8)
 148 00fc 01F4      		brne .+2
 149 00fe 00C0      		rjmp .L34
 150 0100 1930      		cpi r17,lo8(9)
 151 0102 00F4      		brsh .L40
 152 0104 1630      		cpi r17,lo8(6)
 153 0106 01F4      		brne .+2
 154 0108 00C0      		rjmp .L32
 155 010a 1730      		cpi r17,lo8(7)
 156 010c 01F0      		breq .+2
 157 010e 00C0      		rjmp .L25
 158 0110 00C0      		rjmp .L33
 159               	.L40:
 160 0112 1A30      		cpi r17,lo8(10)
 161 0114 01F4      		brne .+2
 162 0116 00C0      		rjmp .L36
 163 0118 1A30      		cpi r17,lo8(10)
 164 011a 00F4      		brsh .+2
 165 011c 00C0      		rjmp .L35
 166 011e 1B30      		cpi r17,lo8(11)
 167 0120 01F0      		breq .+2
 168 0122 00C0      		rjmp .L25
 169 0124 00C0      		rjmp .L37
 170               	.L26:
 171 0126 1092 0000 		sts DispPtr,__zero_reg__
 172 012a 80E0      		ldi r24,lo8(__c.2246)
 173 012c 90E0      		ldi r25,hi8(__c.2246)
 174 012e 9F93      		push r25
 175 0130 8F93      		push r24
 176 0132 11E0      		ldi r17,lo8(1)
 177 0134 1F93      		push r17
 178 0136 0E94 0000 		call _printf_P
 179 013a 84E1      		ldi r24,lo8(20)
 180 013c 8093 0000 		sts DispPtr,r24
 181 0140 2091 0000 		lds r18,PlatinenVersion
 182 0144 822F      		mov r24,r18
 183 0146 6AE0      		ldi r22,lo8(10)
 184 0148 0E94 0000 		call __udivmodqi4
 185 014c 492F      		mov r20,r25
 186 014e 50E0      		ldi r21,lo8(0)
 187 0150 822F      		mov r24,r18
 188 0152 0E94 0000 		call __udivmodqi4
 189 0156 90E0      		ldi r25,lo8(0)
 190 0158 24E6      		ldi r18,lo8(100)
 191 015a 30E0      		ldi r19,hi8(100)
 192 015c 3F93      		push r19
 193 015e 2F93      		push r18
 194 0160 24E4      		ldi r18,lo8(68)
 195 0162 30E0      		ldi r19,hi8(68)
 196 0164 3F93      		push r19
 197 0166 2F93      		push r18
 198 0168 1F92      		push __zero_reg__
 199 016a 1F92      		push __zero_reg__
 200 016c 5F93      		push r21
 201 016e 4F93      		push r20
 202 0170 9F93      		push r25
 203 0172 8F93      		push r24
 204 0174 80E0      		ldi r24,lo8(__c.2248)
 205 0176 90E0      		ldi r25,hi8(__c.2248)
 206 0178 9F93      		push r25
 207 017a 8F93      		push r24
 208 017c 1F93      		push r17
 209 017e 0E94 0000 		call _printf_P
 210 0182 88E2      		ldi r24,lo8(40)
 211 0184 8093 0000 		sts DispPtr,r24
 212 0188 0E94 0000 		call GetActiveParamSetNumber
 213 018c 90E0      		ldi r25,lo8(0)
 214 018e 9F93      		push r25
 215 0190 8F93      		push r24
 216 0192 80E0      		ldi r24,lo8(__c.2250)
 217 0194 90E0      		ldi r25,hi8(__c.2250)
 218 0196 9F93      		push r25
 219 0198 8F93      		push r24
 220 019a 1F93      		push r17
 221 019c 0E94 0000 		call _printf_P
 222 01a0 8CE3      		ldi r24,lo8(60)
 223 01a2 8093 0000 		sts DispPtr,r24
 224 01a6 80E0      		ldi r24,lo8(__c.2252)
 225 01a8 90E0      		ldi r25,hi8(__c.2252)
 226 01aa 9F93      		push r25
 227 01ac 8F93      		push r24
 228 01ae 1F93      		push r17
 229 01b0 0E94 0000 		call _printf_P
 230 01b4 00C0      		rjmp .L54
 231               	.L27:
 232 01b6 8091 0000 		lds r24,EE_Parameter+8
 233 01ba 80FF      		sbrs r24,0
 234 01bc 00C0      		rjmp .L42
 235 01be 1092 0000 		sts DispPtr,__zero_reg__
 236 01c2 8091 0000 		lds r24,HoehenWert
 237 01c6 9091 0000 		lds r25,(HoehenWert)+1
 238 01ca 9F93      		push r25
 239 01cc 8F93      		push r24
 240 01ce 80E0      		ldi r24,lo8(__c.2256)
 241 01d0 90E0      		ldi r25,hi8(__c.2256)
 242 01d2 9F93      		push r25
 243 01d4 8F93      		push r24
 244 01d6 1F93      		push r17
 245 01d8 0E94 0000 		call _printf_P
 246 01dc 84E1      		ldi r24,lo8(20)
 247 01de 8093 0000 		sts DispPtr,r24
 248 01e2 8091 0000 		lds r24,SollHoehe
 249 01e6 9091 0000 		lds r25,(SollHoehe)+1
 250 01ea 9F93      		push r25
 251 01ec 8F93      		push r24
 252 01ee 80E0      		ldi r24,lo8(__c.2258)
 253 01f0 90E0      		ldi r25,hi8(__c.2258)
 254 01f2 9F93      		push r25
 255 01f4 8F93      		push r24
 256 01f6 1F93      		push r17
 257 01f8 0E94 0000 		call _printf_P
 258 01fc 88E2      		ldi r24,lo8(40)
 259 01fe 8093 0000 		sts DispPtr,r24
 260 0202 8091 0000 		lds r24,MessLuftdruck
 261 0206 9091 0000 		lds r25,(MessLuftdruck)+1
 262 020a 9F93      		push r25
 263 020c 8F93      		push r24
 264 020e 80E0      		ldi r24,lo8(__c.2260)
 265 0210 90E0      		ldi r25,hi8(__c.2260)
 266 0212 9F93      		push r25
 267 0214 8F93      		push r24
 268 0216 1F93      		push r17
 269 0218 0E94 0000 		call _printf_P
 270 021c 8CE3      		ldi r24,lo8(60)
 271 021e 8093 0000 		sts DispPtr,r24
 272 0222 8091 0000 		lds r24,DruckOffsetSetting
 273 0226 90E0      		ldi r25,lo8(0)
 274 0228 9F93      		push r25
 275 022a 8F93      		push r24
 276 022c 80E0      		ldi r24,lo8(__c.2262)
 277 022e 90E0      		ldi r25,hi8(__c.2262)
 278               	.L59:
 279 0230 9F93      		push r25
 280 0232 8F93      		push r24
 281 0234 1F93      		push r17
 282 0236 0E94 0000 		call _printf_P
 283               	.L55:
 284 023a 8DB7      		in r24,__SP_L__
 285 023c 9EB7      		in r25,__SP_H__
 286 023e 4496      		adiw r24,20
 287               	.L53:
 288 0240 0FB6      		in __tmp_reg__,__SREG__
 289 0242 F894      		cli
 290 0244 9EBF      		out __SP_H__,r25
 291 0246 0FBE      		out __SREG__,__tmp_reg__
 292 0248 8DBF      		out __SP_L__,r24
 293 024a 00C0      		rjmp .L41
 294               	.L42:
 295 024c 84E1      		ldi r24,lo8(20)
 296 024e 8093 0000 		sts DispPtr,r24
 297 0252 80E0      		ldi r24,lo8(__c.2264)
 298 0254 90E0      		ldi r25,hi8(__c.2264)
 299 0256 9F93      		push r25
 300 0258 8F93      		push r24
 301 025a 1F93      		push r17
 302 025c 0E94 0000 		call _printf_P
 303 0260 88E2      		ldi r24,lo8(40)
 304 0262 8093 0000 		sts DispPtr,r24
 305 0266 80E0      		ldi r24,lo8(__c.2266)
 306 0268 90E0      		ldi r25,hi8(__c.2266)
 307 026a 9F93      		push r25
 308 026c 8F93      		push r24
 309 026e 1F93      		push r17
 310 0270 0E94 0000 		call _printf_P
 311 0274 8DB7      		in r24,__SP_L__
 312 0276 9EB7      		in r25,__SP_H__
 313 0278 0696      		adiw r24,6
 314 027a 00C0      		rjmp .L53
 315               	.L28:
 316 027c 1092 0000 		sts DispPtr,__zero_reg__
 317 0280 80E0      		ldi r24,lo8(__c.2269)
 318 0282 90E0      		ldi r25,hi8(__c.2269)
 319 0284 9F93      		push r25
 320 0286 8F93      		push r24
 321 0288 11E0      		ldi r17,lo8(1)
 322 028a 1F93      		push r17
 323 028c 0E94 0000 		call _printf_P
 324 0290 84E1      		ldi r24,lo8(20)
 325 0292 8093 0000 		sts DispPtr,r24
 326 0296 6091 0000 		lds r22,IntegralNick
 327 029a 7091 0000 		lds r23,(IntegralNick)+1
 328 029e 8091 0000 		lds r24,(IntegralNick)+2
 329 02a2 9091 0000 		lds r25,(IntegralNick)+3
 330 02a6 20E0      		ldi r18,lo8(1024)
 331 02a8 34E0      		ldi r19,hi8(1024)
 332 02aa 40E0      		ldi r20,hlo8(1024)
 333 02ac 50E0      		ldi r21,hhi8(1024)
 334 02ae 0E94 0000 		call __divmodsi4
 335 02b2 5F93      		push r21
 336 02b4 4F93      		push r20
 337 02b6 3F93      		push r19
 338 02b8 2F93      		push r18
 339 02ba 80E0      		ldi r24,lo8(__c.2271)
 340 02bc 90E0      		ldi r25,hi8(__c.2271)
 341 02be 9F93      		push r25
 342 02c0 8F93      		push r24
 343 02c2 1F93      		push r17
 344 02c4 0E94 0000 		call _printf_P
 345 02c8 88E2      		ldi r24,lo8(40)
 346 02ca 8093 0000 		sts DispPtr,r24
 347 02ce 6091 0000 		lds r22,IntegralRoll
 348 02d2 7091 0000 		lds r23,(IntegralRoll)+1
 349 02d6 8091 0000 		lds r24,(IntegralRoll)+2
 350 02da 9091 0000 		lds r25,(IntegralRoll)+3
 351 02de 20E0      		ldi r18,lo8(1024)
 352 02e0 34E0      		ldi r19,hi8(1024)
 353 02e2 40E0      		ldi r20,hlo8(1024)
 354 02e4 50E0      		ldi r21,hhi8(1024)
 355 02e6 0E94 0000 		call __divmodsi4
 356 02ea 5F93      		push r21
 357 02ec 4F93      		push r20
 358 02ee 3F93      		push r19
 359 02f0 2F93      		push r18
 360 02f2 80E0      		ldi r24,lo8(__c.2273)
 361 02f4 90E0      		ldi r25,hi8(__c.2273)
 362 02f6 9F93      		push r25
 363 02f8 8F93      		push r24
 364 02fa 1F93      		push r17
 365 02fc 0E94 0000 		call _printf_P
 366 0300 8CE3      		ldi r24,lo8(60)
 367 0302 8093 0000 		sts DispPtr,r24
 368 0306 8091 0000 		lds r24,KompassValue
 369 030a 9091 0000 		lds r25,(KompassValue)+1
 370 030e 9F93      		push r25
 371 0310 8F93      		push r24
 372 0312 80E0      		ldi r24,lo8(__c.2275)
 373 0314 90E0      		ldi r25,hi8(__c.2275)
 374 0316 9F93      		push r25
 375 0318 8F93      		push r24
 376 031a 1F93      		push r17
 377 031c 0E94 0000 		call _printf_P
 378 0320 8DB7      		in r24,__SP_L__
 379 0322 9EB7      		in r25,__SP_H__
 380 0324 4696      		adiw r24,22
 381 0326 00C0      		rjmp .L53
 382               	.L29:
 383 0328 1092 0000 		sts DispPtr,__zero_reg__
 384 032c 8091 0000 		lds r24,PPM_in+4
 385 0330 9091 0000 		lds r25,(PPM_in+4)+1
 386 0334 2091 0000 		lds r18,PPM_in+2
 387 0338 3091 0000 		lds r19,(PPM_in+2)+1
 388 033c 9F93      		push r25
 389 033e 8F93      		push r24
 390 0340 3F93      		push r19
 391 0342 2F93      		push r18
 392 0344 80E0      		ldi r24,lo8(__c.2278)
 393 0346 90E0      		ldi r25,hi8(__c.2278)
 394 0348 9F93      		push r25
 395 034a 8F93      		push r24
 396 034c 11E0      		ldi r17,lo8(1)
 397 034e 1F93      		push r17
 398 0350 0E94 0000 		call _printf_P
 399 0354 84E1      		ldi r24,lo8(20)
 400 0356 8093 0000 		sts DispPtr,r24
 401 035a 8091 0000 		lds r24,PPM_in+8
 402 035e 9091 0000 		lds r25,(PPM_in+8)+1
 403 0362 2091 0000 		lds r18,PPM_in+6
 404 0366 3091 0000 		lds r19,(PPM_in+6)+1
 405 036a 9F93      		push r25
 406 036c 8F93      		push r24
 407 036e 3F93      		push r19
 408 0370 2F93      		push r18
 409 0372 80E0      		ldi r24,lo8(__c.2280)
 410 0374 90E0      		ldi r25,hi8(__c.2280)
 411 0376 9F93      		push r25
 412 0378 8F93      		push r24
 413 037a 1F93      		push r17
 414 037c 0E94 0000 		call _printf_P
 415 0380 88E2      		ldi r24,lo8(40)
 416 0382 8093 0000 		sts DispPtr,r24
 417 0386 8091 0000 		lds r24,PPM_in+12
 418 038a 9091 0000 		lds r25,(PPM_in+12)+1
 419 038e 2091 0000 		lds r18,PPM_in+10
 420 0392 3091 0000 		lds r19,(PPM_in+10)+1
 421 0396 9F93      		push r25
 422 0398 8F93      		push r24
 423 039a 3F93      		push r19
 424 039c 2F93      		push r18
 425 039e 80E0      		ldi r24,lo8(__c.2282)
 426 03a0 90E0      		ldi r25,hi8(__c.2282)
 427 03a2 9F93      		push r25
 428 03a4 8F93      		push r24
 429 03a6 1F93      		push r17
 430 03a8 0E94 0000 		call _printf_P
 431 03ac 8CE3      		ldi r24,lo8(60)
 432 03ae 8093 0000 		sts DispPtr,r24
 433 03b2 8091 0000 		lds r24,PPM_in+16
 434 03b6 9091 0000 		lds r25,(PPM_in+16)+1
 435 03ba 2091 0000 		lds r18,PPM_in+14
 436 03be 3091 0000 		lds r19,(PPM_in+14)+1
 437 03c2 9F93      		push r25
 438 03c4 8F93      		push r24
 439 03c6 3F93      		push r19
 440 03c8 2F93      		push r18
 441 03ca 80E0      		ldi r24,lo8(__c.2284)
 442 03cc 90E0      		ldi r25,hi8(__c.2284)
 443 03ce 00C0      		rjmp .L56
 444               	.L30:
 445 03d0 1092 0000 		sts DispPtr,__zero_reg__
 446 03d4 E091 0000 		lds r30,EE_Parameter+1
 447 03d8 F0E0      		ldi r31,lo8(0)
 448 03da EE0F      		lsl r30
 449 03dc FF1F      		rol r31
 450 03de E050      		subi r30,lo8(-(PPM_in))
 451 03e0 F040      		sbci r31,hi8(-(PPM_in))
 452 03e2 2081      		ld r18,Z
 453 03e4 3181      		ldd r19,Z+1
 454 03e6 E091 0000 		lds r30,EE_Parameter
 455 03ea F0E0      		ldi r31,lo8(0)
 456 03ec EE0F      		lsl r30
 457 03ee FF1F      		rol r31
 458 03f0 E050      		subi r30,lo8(-(PPM_in))
 459 03f2 F040      		sbci r31,hi8(-(PPM_in))
 460 03f4 8081      		ld r24,Z
 461 03f6 9181      		ldd r25,Z+1
 462 03f8 3F93      		push r19
 463 03fa 2F93      		push r18
 464 03fc 9F93      		push r25
 465 03fe 8F93      		push r24
 466 0400 80E0      		ldi r24,lo8(__c.2287)
 467 0402 90E0      		ldi r25,hi8(__c.2287)
 468 0404 9F93      		push r25
 469 0406 8F93      		push r24
 470 0408 11E0      		ldi r17,lo8(1)
 471 040a 1F93      		push r17
 472 040c 0E94 0000 		call _printf_P
 473 0410 84E1      		ldi r24,lo8(20)
 474 0412 8093 0000 		sts DispPtr,r24
 475 0416 E091 0000 		lds r30,EE_Parameter+3
 476 041a F0E0      		ldi r31,lo8(0)
 477 041c EE0F      		lsl r30
 478 041e FF1F      		rol r31
 479 0420 E050      		subi r30,lo8(-(PPM_in))
 480 0422 F040      		sbci r31,hi8(-(PPM_in))
 481 0424 2081      		ld r18,Z
 482 0426 3181      		ldd r19,Z+1
 483 0428 E091 0000 		lds r30,EE_Parameter+2
 484 042c F0E0      		ldi r31,lo8(0)
 485 042e EE0F      		lsl r30
 486 0430 FF1F      		rol r31
 487 0432 E050      		subi r30,lo8(-(PPM_in))
 488 0434 F040      		sbci r31,hi8(-(PPM_in))
 489 0436 8081      		ld r24,Z
 490 0438 9181      		ldd r25,Z+1
 491 043a 3F93      		push r19
 492 043c 2F93      		push r18
 493 043e 9F93      		push r25
 494 0440 8F93      		push r24
 495 0442 80E0      		ldi r24,lo8(__c.2289)
 496 0444 90E0      		ldi r25,hi8(__c.2289)
 497 0446 9F93      		push r25
 498 0448 8F93      		push r24
 499 044a 1F93      		push r17
 500 044c 0E94 0000 		call _printf_P
 501 0450 88E2      		ldi r24,lo8(40)
 502 0452 8093 0000 		sts DispPtr,r24
 503 0456 E091 0000 		lds r30,EE_Parameter+5
 504 045a F0E0      		ldi r31,lo8(0)
 505 045c EE0F      		lsl r30
 506 045e FF1F      		rol r31
 507 0460 E050      		subi r30,lo8(-(PPM_in))
 508 0462 F040      		sbci r31,hi8(-(PPM_in))
 509 0464 2081      		ld r18,Z
 510 0466 3181      		ldd r19,Z+1
 511 0468 E091 0000 		lds r30,EE_Parameter+4
 512 046c F0E0      		ldi r31,lo8(0)
 513 046e EE0F      		lsl r30
 514 0470 FF1F      		rol r31
 515 0472 E050      		subi r30,lo8(-(PPM_in))
 516 0474 F040      		sbci r31,hi8(-(PPM_in))
 517 0476 8081      		ld r24,Z
 518 0478 9181      		ldd r25,Z+1
 519 047a 3F93      		push r19
 520 047c 2F93      		push r18
 521 047e 9F93      		push r25
 522 0480 8F93      		push r24
 523 0482 80E0      		ldi r24,lo8(__c.2291)
 524 0484 90E0      		ldi r25,hi8(__c.2291)
 525 0486 9F93      		push r25
 526 0488 8F93      		push r24
 527 048a 1F93      		push r17
 528 048c 0E94 0000 		call _printf_P
 529 0490 8CE3      		ldi r24,lo8(60)
 530 0492 8093 0000 		sts DispPtr,r24
 531 0496 E091 0000 		lds r30,EE_Parameter+7
 532 049a F0E0      		ldi r31,lo8(0)
 533 049c EE0F      		lsl r30
 534 049e FF1F      		rol r31
 535 04a0 E050      		subi r30,lo8(-(PPM_in))
 536 04a2 F040      		sbci r31,hi8(-(PPM_in))
 537 04a4 2081      		ld r18,Z
 538 04a6 3181      		ldd r19,Z+1
 539 04a8 E091 0000 		lds r30,EE_Parameter+6
 540 04ac F0E0      		ldi r31,lo8(0)
 541 04ae EE0F      		lsl r30
 542 04b0 FF1F      		rol r31
 543 04b2 E050      		subi r30,lo8(-(PPM_in))
 544 04b4 F040      		sbci r31,hi8(-(PPM_in))
 545 04b6 8081      		ld r24,Z
 546 04b8 9181      		ldd r25,Z+1
 547 04ba 3F93      		push r19
 548 04bc 2F93      		push r18
 549 04be 9F93      		push r25
 550 04c0 8F93      		push r24
 551 04c2 80E0      		ldi r24,lo8(__c.2293)
 552 04c4 90E0      		ldi r25,hi8(__c.2293)
 553               	.L56:
 554 04c6 9F93      		push r25
 555 04c8 8F93      		push r24
 556 04ca 1F93      		push r17
 557 04cc 0E94 0000 		call _printf_P
 558 04d0 8DB7      		in r24,__SP_L__
 559 04d2 9EB7      		in r25,__SP_H__
 560 04d4 4C96      		adiw r24,28
 561 04d6 00C0      		rjmp .L53
 562               	.L31:
 563 04d8 1092 0000 		sts DispPtr,__zero_reg__
 564 04dc 80E0      		ldi r24,lo8(__c.2296)
 565 04de 90E0      		ldi r25,hi8(__c.2296)
 566 04e0 9F93      		push r25
 567 04e2 8F93      		push r24
 568 04e4 11E0      		ldi r17,lo8(1)
 569 04e6 1F93      		push r17
 570 04e8 0E94 0000 		call _printf_P
 571 04ec 0F90      		pop __tmp_reg__
 572 04ee 0F90      		pop __tmp_reg__
 573 04f0 0F90      	 	pop __tmp_reg__
 574 04f2 8091 0000 		lds r24,PlatinenVersion
 575 04f6 8A30      		cpi r24,lo8(10)
 576 04f8 01F0      		breq .+2
 577 04fa 00C0      		rjmp .L44
 578 04fc 84E1      		ldi r24,lo8(20)
 579 04fe 8093 0000 		sts DispPtr,r24
 580 0502 4091 0000 		lds r20,AdNeutralNick
 581 0506 5091 0000 		lds r21,(AdNeutralNick)+1
 582 050a 8091 0000 		lds r24,AdWertNick
 583 050e 9091 0000 		lds r25,(AdWertNick)+1
 584 0512 2091 0000 		lds r18,AdNeutralNick
 585 0516 3091 0000 		lds r19,(AdNeutralNick)+1
 586 051a 821B      		sub r24,r18
 587 051c 930B      		sbc r25,r19
 588 051e 5F93      		push r21
 589 0520 4F93      		push r20
 590 0522 9F93      		push r25
 591 0524 8F93      		push r24
 592 0526 80E0      		ldi r24,lo8(__c.2298)
 593 0528 90E0      		ldi r25,hi8(__c.2298)
 594 052a 9F93      		push r25
 595 052c 8F93      		push r24
 596 052e 1F93      		push r17
 597 0530 0E94 0000 		call _printf_P
 598 0534 88E2      		ldi r24,lo8(40)
 599 0536 8093 0000 		sts DispPtr,r24
 600 053a 4091 0000 		lds r20,AdNeutralRoll
 601 053e 5091 0000 		lds r21,(AdNeutralRoll)+1
 602 0542 8091 0000 		lds r24,AdWertRoll
 603 0546 9091 0000 		lds r25,(AdWertRoll)+1
 604 054a 2091 0000 		lds r18,AdNeutralRoll
 605 054e 3091 0000 		lds r19,(AdNeutralRoll)+1
 606 0552 821B      		sub r24,r18
 607 0554 930B      		sbc r25,r19
 608 0556 5F93      		push r21
 609 0558 4F93      		push r20
 610 055a 9F93      		push r25
 611 055c 8F93      		push r24
 612 055e 80E0      		ldi r24,lo8(__c.2300)
 613 0560 90E0      		ldi r25,hi8(__c.2300)
 614 0562 9F93      		push r25
 615 0564 8F93      		push r24
 616 0566 1F93      		push r17
 617 0568 0E94 0000 		call _printf_P
 618 056c 8CE3      		ldi r24,lo8(60)
 619 056e 8093 0000 		sts DispPtr,r24
 620 0572 8091 0000 		lds r24,AdNeutralGier
 621 0576 9091 0000 		lds r25,(AdNeutralGier)+1
 622 057a 2091 0000 		lds r18,MesswertGier
 623 057e 3091 0000 		lds r19,(MesswertGier)+1
 624 0582 9F93      		push r25
 625 0584 8F93      		push r24
 626 0586 3F93      		push r19
 627 0588 2F93      		push r18
 628 058a 80E0      		ldi r24,lo8(__c.2302)
 629 058c 90E0      		ldi r25,hi8(__c.2302)
 630 058e 00C0      		rjmp .L57
 631               	.L44:
 632 0590 84E1      		ldi r24,lo8(20)
 633 0592 8093 0000 		sts DispPtr,r24
 634 0596 8091 0000 		lds r24,AdNeutralNick
 635 059a 9091 0000 		lds r25,(AdNeutralNick)+1
 636 059e 62E0      		ldi r22,lo8(2)
 637 05a0 70E0      		ldi r23,hi8(2)
 638 05a2 0E94 0000 		call __divmodhi4
 639 05a6 8091 0000 		lds r24,AdWertNick
 640 05aa 9091 0000 		lds r25,(AdWertNick)+1
 641 05ae 2091 0000 		lds r18,AdNeutralNick
 642 05b2 3091 0000 		lds r19,(AdNeutralNick)+1
 643 05b6 821B      		sub r24,r18
 644 05b8 930B      		sbc r25,r19
 645 05ba 7F93      		push r23
 646 05bc 6F93      		push r22
 647 05be 9F93      		push r25
 648 05c0 8F93      		push r24
 649 05c2 80E0      		ldi r24,lo8(__c.2304)
 650 05c4 90E0      		ldi r25,hi8(__c.2304)
 651 05c6 9F93      		push r25
 652 05c8 8F93      		push r24
 653 05ca 1F93      		push r17
 654 05cc 0E94 0000 		call _printf_P
 655 05d0 88E2      		ldi r24,lo8(40)
 656 05d2 8093 0000 		sts DispPtr,r24
 657 05d6 8091 0000 		lds r24,AdNeutralRoll
 658 05da 9091 0000 		lds r25,(AdNeutralRoll)+1
 659 05de 62E0      		ldi r22,lo8(2)
 660 05e0 70E0      		ldi r23,hi8(2)
 661 05e2 0E94 0000 		call __divmodhi4
 662 05e6 8091 0000 		lds r24,AdWertRoll
 663 05ea 9091 0000 		lds r25,(AdWertRoll)+1
 664 05ee 2091 0000 		lds r18,AdNeutralRoll
 665 05f2 3091 0000 		lds r19,(AdNeutralRoll)+1
 666 05f6 821B      		sub r24,r18
 667 05f8 930B      		sbc r25,r19
 668 05fa 7F93      		push r23
 669 05fc 6F93      		push r22
 670 05fe 9F93      		push r25
 671 0600 8F93      		push r24
 672 0602 80E0      		ldi r24,lo8(__c.2306)
 673 0604 90E0      		ldi r25,hi8(__c.2306)
 674 0606 9F93      		push r25
 675 0608 8F93      		push r24
 676 060a 1F93      		push r17
 677 060c 0E94 0000 		call _printf_P
 678 0610 8CE3      		ldi r24,lo8(60)
 679 0612 8093 0000 		sts DispPtr,r24
 680 0616 8091 0000 		lds r24,AdNeutralGier
 681 061a 9091 0000 		lds r25,(AdNeutralGier)+1
 682 061e 62E0      		ldi r22,lo8(2)
 683 0620 70E0      		ldi r23,hi8(2)
 684 0622 0E94 0000 		call __divmodhi4
 685 0626 8091 0000 		lds r24,MesswertGier
 686 062a 9091 0000 		lds r25,(MesswertGier)+1
 687 062e 7F93      		push r23
 688 0630 6F93      		push r22
 689 0632 9F93      		push r25
 690 0634 8F93      		push r24
 691 0636 80E0      		ldi r24,lo8(__c.2308)
 692 0638 90E0      		ldi r25,hi8(__c.2308)
 693               	.L57:
 694 063a 9F93      		push r25
 695 063c 8F93      		push r24
 696 063e 1F93      		push r17
 697 0640 0E94 0000 		call _printf_P
 698 0644 8DB7      		in r24,__SP_L__
 699 0646 9EB7      		in r25,__SP_H__
 700 0648 4596      		adiw r24,21
 701 064a 00C0      		rjmp .L53
 702               	.L32:
 703 064c 1092 0000 		sts DispPtr,__zero_reg__
 704 0650 80E0      		ldi r24,lo8(__c.2311)
 705 0652 90E0      		ldi r25,hi8(__c.2311)
 706 0654 9F93      		push r25
 707 0656 8F93      		push r24
 708 0658 11E0      		ldi r17,lo8(1)
 709 065a 1F93      		push r17
 710 065c 0E94 0000 		call _printf_P
 711 0660 84E1      		ldi r24,lo8(20)
 712 0662 8093 0000 		sts DispPtr,r24
 713 0666 8091 0000 		lds r24,NeutralAccX
 714 066a 9091 0000 		lds r25,(NeutralAccX)+1
 715 066e 2091 0000 		lds r18,AdWertAccNick
 716 0672 3091 0000 		lds r19,(AdWertAccNick)+1
 717 0676 9F93      		push r25
 718 0678 8F93      		push r24
 719 067a 3F93      		push r19
 720 067c 2F93      		push r18
 721 067e 80E0      		ldi r24,lo8(__c.2313)
 722 0680 90E0      		ldi r25,hi8(__c.2313)
 723 0682 9F93      		push r25
 724 0684 8F93      		push r24
 725 0686 1F93      		push r17
 726 0688 0E94 0000 		call _printf_P
 727 068c 88E2      		ldi r24,lo8(40)
 728 068e 8093 0000 		sts DispPtr,r24
 729 0692 8091 0000 		lds r24,NeutralAccY
 730 0696 9091 0000 		lds r25,(NeutralAccY)+1
 731 069a 2091 0000 		lds r18,AdWertAccRoll
 732 069e 3091 0000 		lds r19,(AdWertAccRoll)+1
 733 06a2 9F93      		push r25
 734 06a4 8F93      		push r24
 735 06a6 3F93      		push r19
 736 06a8 2F93      		push r18
 737 06aa 80E0      		ldi r24,lo8(__c.2315)
 738 06ac 90E0      		ldi r25,hi8(__c.2315)
 739 06ae 9F93      		push r25
 740 06b0 8F93      		push r24
 741 06b2 1F93      		push r17
 742 06b4 0E94 0000 		call _printf_P
 743 06b8 8CE3      		ldi r24,lo8(60)
 744 06ba 8093 0000 		sts DispPtr,r24
 745 06be 6091 0000 		lds r22,NeutralAccZ
 746 06c2 7091 0000 		lds r23,(NeutralAccZ)+1
 747 06c6 8091 0000 		lds r24,(NeutralAccZ)+2
 748 06ca 9091 0000 		lds r25,(NeutralAccZ)+3
 749 06ce 0E94 0000 		call __fixsfsi
 750 06d2 2091 0000 		lds r18,Mittelwert_AccHoch
 751 06d6 3091 0000 		lds r19,(Mittelwert_AccHoch)+1
 752 06da 7F93      		push r23
 753 06dc 6F93      		push r22
 754 06de 3F93      		push r19
 755 06e0 2F93      		push r18
 756 06e2 80E0      		ldi r24,lo8(__c.2317)
 757 06e4 90E0      		ldi r25,hi8(__c.2317)
 758 06e6 00C0      		rjmp .L58
 759               	.L33:
 760 06e8 84E1      		ldi r24,lo8(20)
 761 06ea 8093 0000 		sts DispPtr,r24
 762 06ee 8091 0000 		lds r24,UBat
 763 06f2 9091 0000 		lds r25,(UBat)+1
 764 06f6 9F93      		push r25
 765 06f8 8F93      		push r24
 766 06fa 80E0      		ldi r24,lo8(__c.2320)
 767 06fc 90E0      		ldi r25,hi8(__c.2320)
 768 06fe 9F93      		push r25
 769 0700 8F93      		push r24
 770 0702 11E0      		ldi r17,lo8(1)
 771 0704 1F93      		push r17
 772 0706 0E94 0000 		call _printf_P
 773 070a 88E2      		ldi r24,lo8(40)
 774 070c 8093 0000 		sts DispPtr,r24
 775 0710 8091 0000 		lds r24,SenderOkay
 776 0714 90E0      		ldi r25,lo8(0)
 777 0716 9F93      		push r25
 778 0718 8F93      		push r24
 779 071a 80E0      		ldi r24,lo8(__c.2322)
 780 071c 90E0      		ldi r25,hi8(__c.2322)
 781 071e 9F93      		push r25
 782 0720 8F93      		push r24
 783 0722 1F93      		push r17
 784 0724 0E94 0000 		call _printf_P
 785 0728 8DB7      		in r24,__SP_L__
 786 072a 9EB7      		in r25,__SP_H__
 787 072c 0A96      		adiw r24,10
 788 072e 00C0      		rjmp .L53
 789               	.L34:
 790 0730 1092 0000 		sts DispPtr,__zero_reg__
 791 0734 80E0      		ldi r24,lo8(__c.2325)
 792 0736 90E0      		ldi r25,hi8(__c.2325)
 793 0738 9F93      		push r25
 794 073a 8F93      		push r24
 795 073c 11E0      		ldi r17,lo8(1)
 796 073e 1F93      		push r17
 797 0740 0E94 0000 		call _printf_P
 798 0744 84E1      		ldi r24,lo8(20)
 799 0746 8093 0000 		sts DispPtr,r24
 800 074a 8091 0000 		lds r24,KompassRichtung
 801 074e 9091 0000 		lds r25,(KompassRichtung)+1
 802 0752 9F93      		push r25
 803 0754 8F93      		push r24
 804 0756 80E0      		ldi r24,lo8(__c.2327)
 805 0758 90E0      		ldi r25,hi8(__c.2327)
 806 075a 9F93      		push r25
 807 075c 8F93      		push r24
 808 075e 1F93      		push r17
 809 0760 0E94 0000 		call _printf_P
 810 0764 88E2      		ldi r24,lo8(40)
 811 0766 8093 0000 		sts DispPtr,r24
 812 076a 8091 0000 		lds r24,KompassValue
 813 076e 9091 0000 		lds r25,(KompassValue)+1
 814 0772 9F93      		push r25
 815 0774 8F93      		push r24
 816 0776 80E0      		ldi r24,lo8(__c.2329)
 817 0778 90E0      		ldi r25,hi8(__c.2329)
 818 077a 9F93      		push r25
 819 077c 8F93      		push r24
 820 077e 1F93      		push r17
 821 0780 0E94 0000 		call _printf_P
 822 0784 8CE3      		ldi r24,lo8(60)
 823 0786 8093 0000 		sts DispPtr,r24
 824 078a 8091 0000 		lds r24,KompassStartwert
 825 078e 9091 0000 		lds r25,(KompassStartwert)+1
 826 0792 9F93      		push r25
 827 0794 8F93      		push r24
 828 0796 80E0      		ldi r24,lo8(__c.2331)
 829 0798 90E0      		ldi r25,hi8(__c.2331)
 830 079a 9F93      		push r25
 831 079c 8F93      		push r24
 832 079e 1F93      		push r17
 833 07a0 0E94 0000 		call _printf_P
 834 07a4 8DB7      		in r24,__SP_L__
 835 07a6 9EB7      		in r25,__SP_H__
 836 07a8 4296      		adiw r24,18
 837 07aa 00C0      		rjmp .L53
 838               	.L35:
 839 07ac 1092 0000 		sts DispPtr,__zero_reg__
 840 07b0 8091 0000 		lds r24,Poti1
 841 07b4 9091 0000 		lds r25,(Poti1)+1
 842 07b8 9F93      		push r25
 843 07ba 8F93      		push r24
 844 07bc 80E0      		ldi r24,lo8(__c.2334)
 845 07be 90E0      		ldi r25,hi8(__c.2334)
 846 07c0 9F93      		push r25
 847 07c2 8F93      		push r24
 848 07c4 11E0      		ldi r17,lo8(1)
 849 07c6 1F93      		push r17
 850 07c8 0E94 0000 		call _printf_P
 851 07cc 84E1      		ldi r24,lo8(20)
 852 07ce 8093 0000 		sts DispPtr,r24
 853 07d2 8091 0000 		lds r24,Poti2
 854 07d6 9091 0000 		lds r25,(Poti2)+1
 855 07da 9F93      		push r25
 856 07dc 8F93      		push r24
 857 07de 80E0      		ldi r24,lo8(__c.2336)
 858 07e0 90E0      		ldi r25,hi8(__c.2336)
 859 07e2 9F93      		push r25
 860 07e4 8F93      		push r24
 861 07e6 1F93      		push r17
 862 07e8 0E94 0000 		call _printf_P
 863 07ec 88E2      		ldi r24,lo8(40)
 864 07ee 8093 0000 		sts DispPtr,r24
 865 07f2 8091 0000 		lds r24,Poti3
 866 07f6 9091 0000 		lds r25,(Poti3)+1
 867 07fa 9F93      		push r25
 868 07fc 8F93      		push r24
 869 07fe 80E0      		ldi r24,lo8(__c.2338)
 870 0800 90E0      		ldi r25,hi8(__c.2338)
 871 0802 9F93      		push r25
 872 0804 8F93      		push r24
 873 0806 1F93      		push r17
 874 0808 0E94 0000 		call _printf_P
 875 080c 8CE3      		ldi r24,lo8(60)
 876 080e 8093 0000 		sts DispPtr,r24
 877 0812 8091 0000 		lds r24,Poti4
 878 0816 9091 0000 		lds r25,(Poti4)+1
 879 081a 9F93      		push r25
 880 081c 8F93      		push r24
 881 081e 80E0      		ldi r24,lo8(__c.2340)
 882 0820 90E0      		ldi r25,hi8(__c.2340)
 883 0822 00C0      		rjmp .L59
 884               	.L36:
 885 0824 1092 0000 		sts DispPtr,__zero_reg__
 886 0828 80E0      		ldi r24,lo8(__c.2343)
 887 082a 90E0      		ldi r25,hi8(__c.2343)
 888 082c 9F93      		push r25
 889 082e 8F93      		push r24
 890 0830 11E0      		ldi r17,lo8(1)
 891 0832 1F93      		push r17
 892 0834 0E94 0000 		call _printf_P
 893 0838 84E1      		ldi r24,lo8(20)
 894 083a 8093 0000 		sts DispPtr,r24
 895 083e 8091 0000 		lds r24,Parameter_ServoNickControl
 896 0842 90E0      		ldi r25,lo8(0)
 897 0844 9F93      		push r25
 898 0846 8F93      		push r24
 899 0848 80E0      		ldi r24,lo8(__c.2345)
 900 084a 90E0      		ldi r25,hi8(__c.2345)
 901 084c 9F93      		push r25
 902 084e 8F93      		push r24
 903 0850 1F93      		push r17
 904 0852 0E94 0000 		call _printf_P
 905 0856 88E2      		ldi r24,lo8(40)
 906 0858 8093 0000 		sts DispPtr,r24
 907 085c 8091 0000 		lds r24,ServoValue
 908 0860 9091 0000 		lds r25,(ServoValue)+1
 909 0864 9F93      		push r25
 910 0866 8F93      		push r24
 911 0868 80E0      		ldi r24,lo8(__c.2347)
 912 086a 90E0      		ldi r25,hi8(__c.2347)
 913 086c 9F93      		push r25
 914 086e 8F93      		push r24
 915 0870 1F93      		push r17
 916 0872 0E94 0000 		call _printf_P
 917 0876 8CE3      		ldi r24,lo8(60)
 918 0878 8093 0000 		sts DispPtr,r24
 919 087c 2091 0000 		lds r18,EE_Parameter+36
 920 0880 30E0      		ldi r19,lo8(0)
 921 0882 8091 0000 		lds r24,EE_Parameter+35
 922 0886 90E0      		ldi r25,lo8(0)
 923 0888 3F93      		push r19
 924 088a 2F93      		push r18
 925 088c 9F93      		push r25
 926 088e 8F93      		push r24
 927 0890 80E0      		ldi r24,lo8(__c.2349)
 928 0892 90E0      		ldi r25,hi8(__c.2349)
 929 0894 9F93      		push r25
 930 0896 8F93      		push r24
 931 0898 1F93      		push r17
 932 089a 0E94 0000 		call _printf_P
 933 089e 00C0      		rjmp .L55
 934               	.L37:
 935 08a0 1092 0000 		sts DispPtr,__zero_reg__
 936 08a4 80E0      		ldi r24,lo8(__c.2352)
 937 08a6 90E0      		ldi r25,hi8(__c.2352)
 938 08a8 9F93      		push r25
 939 08aa 8F93      		push r24
 940 08ac 11E0      		ldi r17,lo8(1)
 941 08ae 1F93      		push r17
 942 08b0 0E94 0000 		call _printf_P
 943 08b4 84E1      		ldi r24,lo8(20)
 944 08b6 8093 0000 		sts DispPtr,r24
 945 08ba 2091 0000 		lds r18,ExternControl+4
 946 08be 3327      		clr r19
 947 08c0 27FD      		sbrc r18,7
 948 08c2 3095      		com r19
 949 08c4 8091 0000 		lds r24,ExternControl+3
 950 08c8 9927      		clr r25
 951 08ca 87FD      		sbrc r24,7
 952 08cc 9095      		com r25
 953 08ce 3F93      		push r19
 954 08d0 2F93      		push r18
 955 08d2 9F93      		push r25
 956 08d4 8F93      		push r24
 957 08d6 80E0      		ldi r24,lo8(__c.2354)
 958 08d8 90E0      		ldi r25,hi8(__c.2354)
 959 08da 9F93      		push r25
 960 08dc 8F93      		push r24
 961 08de 1F93      		push r17
 962 08e0 0E94 0000 		call _printf_P
 963 08e4 88E2      		ldi r24,lo8(40)
 964 08e6 8093 0000 		sts DispPtr,r24
 965 08ea 2091 0000 		lds r18,ExternControl+5
 966 08ee 3327      		clr r19
 967 08f0 27FD      		sbrc r18,7
 968 08f2 3095      		com r19
 969 08f4 8091 0000 		lds r24,ExternControl+6
 970 08f8 90E0      		ldi r25,lo8(0)
 971 08fa 3F93      		push r19
 972 08fc 2F93      		push r18
 973 08fe 9F93      		push r25
 974 0900 8F93      		push r24
 975 0902 80E0      		ldi r24,lo8(__c.2356)
 976 0904 90E0      		ldi r25,hi8(__c.2356)
 977 0906 9F93      		push r25
 978 0908 8F93      		push r24
 979 090a 1F93      		push r17
 980 090c 0E94 0000 		call _printf_P
 981 0910 8CE3      		ldi r24,lo8(60)
 982 0912 8093 0000 		sts DispPtr,r24
 983 0916 2091 0000 		lds r18,ExternControl+10
 984 091a 30E0      		ldi r19,lo8(0)
 985 091c 8091 0000 		lds r24,ExternControl+7
 986 0920 9927      		clr r25
 987 0922 87FD      		sbrc r24,7
 988 0924 9095      		com r25
 989 0926 3F93      		push r19
 990 0928 2F93      		push r18
 991 092a 9F93      		push r25
 992 092c 8F93      		push r24
 993 092e 80E0      		ldi r24,lo8(__c.2358)
 994 0930 90E0      		ldi r25,hi8(__c.2358)
 995               	.L58:
 996 0932 9F93      		push r25
 997 0934 8F93      		push r24
 998 0936 1F93      		push r17
 999 0938 0E94 0000 		call _printf_P
 1000               	.L54:
 1001 093c 8DB7      		in r24,__SP_L__
 1002 093e 9EB7      		in r25,__SP_H__
 1003 0940 4896      		adiw r24,24
 1004 0942 00C0      		rjmp .L53
 1005               	.L25:
 1006 0944 1150      		subi r17,lo8(-(-1))
 1007 0946 1093 0000 		sts MaxMenue.2239,r17
 1008 094a 1092 0000 		sts MenuePunkt.2240,__zero_reg__
 1009               	.L41:
 1010 094e 1092 0000 		sts RemoteTasten,__zero_reg__
 1011               	/* epilogue: frame size=0 */
 1012 0952 1F91      		pop r17
 1013 0954 0895      		ret
 1014               	/* epilogue end (size=2) */
 1015               	/* function Menu size 1186 (1183) */
 1017               	.global	TestInt
 1018               	.global	TestInt
 1019               		.section .bss
 1022               	TestInt:
 1023 0000 0000      		.skip 2,0
 1024               	.global	Array
 1025               		.data
 1028               	Array:
 1029 0000 01        		.byte	1
 1030 0001 02        		.byte	2
 1031 0002 03        		.byte	3
 1032 0003 04        		.byte	4
 1033 0004 05        		.byte	5
 1034 0005 06        		.byte	6
 1035 0006 07        		.byte	7
 1036 0007 08        		.byte	8
 1037 0008 09        		.byte	9
 1038 0009 0A        		.byte	10
 1039               	.global	DisplayBuff
 1042               	DisplayBuff:
 1043 000a 4861 6C6C 		.string	"Hallo Welt"
 1043      6F20 5765 
 1043      6C74 00
 1044 0015 0000 0000 		.skip 69,0
 1044      0000 0000 
 1044      0000 0000 
 1044      0000 0000 
 1044      0000 0000 
 1045               	.global	DispPtr
 1046               	.global	DispPtr
 1047               		.section .bss
 1050               	DispPtr:
 1051 0002 00        		.skip 1,0
 1052               	.global	RemoteTasten
 1053               	.global	RemoteTasten
 1056               	RemoteTasten:
 1057 0003 00        		.skip 1,0
 1058               		.section	.progmem.data,"a",@progbits
 1061               	__c.2358:
 1062 0000 4869 3A25 		.string	"Hi:%4i  Cf:%4i "
 1062      3469 2020 
 1062      4366 3A25 
 1062      3469 2000 
 1065               	__c.2356:
 1066 0010 4773 3A25 		.string	"Gs:%4i  Gi:%4i "
 1066      3469 2020 
 1066      4769 3A25 
 1066      3469 2000 
 1069               	__c.2354:
 1070 0020 4E69 3A25 		.string	"Ni:%4i  Ro:%4i "
 1070      3469 2020 
 1070      526F 3A25 
 1070      3469 2000 
 1073               	__c.2352:
 1074 0030 4578 7465 		.string	"ExternControl  "
 1074      726E 436F 
 1074      6E74 726F 
 1074      6C20 2000 
 1077               	__c.2349:
 1078 0040 5261 6E67 		.string	"Range:%3i-%3i"
 1078      653A 2533 
 1078      692D 2533 
 1078      6900 
 1081               	__c.2347:
 1082 004e 5374 656C 		.string	"Stellung: %3i"
 1082      6C75 6E67 
 1082      3A20 2533 
 1082      6900 
 1085               	__c.2345:
 1086 005c 5365 7470 		.string	"Setpoint  %3i"
 1086      6F69 6E74 
 1086      2020 2533 
 1086      6900 
 1089               	__c.2343:
 1090 006a 5365 7276 		.string	"Servo  "
 1090      6F20 2000 
 1093               	__c.2340:
 1094 0072 506F 7469 		.string	"Poti4:  %3i"
 1094      343A 2020 
 1094      2533 6900 
 1097               	__c.2338:
 1098 007e 506F 7469 		.string	"Poti3:  %3i"
 1098      333A 2020 
 1098      2533 6900 
 1101               	__c.2336:
 1102 008a 506F 7469 		.string	"Poti2:  %3i"
 1102      323A 2020 
 1102      2533 6900 
 1105               	__c.2334:
 1106 0096 506F 7469 		.string	"Poti1:  %3i"
 1106      313A 2020 
 1106      2533 6900 
 1109               	__c.2331:
 1110 00a2 5374 6172 		.string	"Start:     %5i"
 1110      743A 2020 
 1110      2020 2025 
 1110      3569 00
 1113               	__c.2329:
 1114 00b1 4D65 7373 		.string	"Messwert:  %5i"
 1114      7765 7274 
 1114      3A20 2025 
 1114      3569 00
 1117               	__c.2327:
 1118 00c0 5269 6368 		.string	"Richtung:  %5i"
 1118      7475 6E67 
 1118      3A20 2025 
 1118      3569 00
 1121               	__c.2325:
 1122 00cf 4B6F 6D70 		.string	"Kompass       "
 1122      6173 7320 
 1122      2020 2020 
 1122      2020 00
 1125               	__c.2322:
 1126 00de 456D 7066 		.string	"Empf.Pegel:%5i"
 1126      2E50 6567 
 1126      656C 3A25 
 1126      3569 00
 1129               	__c.2320:
 1130 00ed 5370 616E 		.string	"Spannung:  %5i"
 1130      6E75 6E67 
 1130      3A20 2025 
 1130      3569 00
 1133               	__c.2317:
 1134 00fc 486F 6368 		.string	"Hoch %4i (%3i)"
 1134      2025 3469 
 1134      2028 2533 
 1134      6929 00
 1137               	__c.2315:
 1138 010b 526F 6C6C 		.string	"Roll %4i (%3i)"
 1138      2025 3469 
 1138      2028 2533 
 1138      6929 00
 1141               	__c.2313:
 1142 011a 4E69 636B 		.string	"Nick %4i (%3i)"
 1142      2025 3469 
 1142      2028 2533 
 1142      6929 00
 1145               	__c.2311:
 1146 0129 4143 4320 		.string	"ACC - Sensor"
 1146      2D20 5365 
 1146      6E73 6F72 
 1146      00
 1149               	__c.2308:
 1150 0136 4769 6572 		.string	"Gier %4i (%3i)"
 1150      2025 3469 
 1150      2028 2533 
 1150      6929 00
 1153               	__c.2306:
 1154 0145 526F 6C6C 		.string	"Roll %4i (%3i)"
 1154      2025 3469 
 1154      2028 2533 
 1154      6929 00
 1157               	__c.2304:
 1158 0154 4E69 636B 		.string	"Nick %4i (%3i)"
 1158      2025 3469 
 1158      2028 2533 
 1158      6929 00
 1161               	__c.2302:
 1162 0163 4769 6572 		.string	"Gier %4i (%3i)"
 1162      2025 3469 
 1162      2028 2533 
 1162      6929 00
 1165               	__c.2300:
 1166 0172 526F 6C6C 		.string	"Roll %4i (%3i)"
 1166      2025 3469 
 1166      2028 2533 
 1166      6929 00
 1169               	__c.2298:
 1170 0181 4E69 636B 		.string	"Nick %4i (%3i)"
 1170      2025 3469 
 1170      2028 2533 
 1170      6929 00
 1173               	__c.2296:
 1174 0190 4779 726F 		.string	"Gyro - Sensor"
 1174      202D 2053 
 1174      656E 736F 
 1174      7200 
 1177               	__c.2293:
 1178 019e 5033 3A25 		.string	"P3:%4i  P4:%4i "
 1178      3469 2020 
 1178      5034 3A25 
 1178      3469 2000 
 1181               	__c.2291:
 1182 01ae 5031 3A25 		.string	"P1:%4i  P2:%4i "
 1182      3469 2020 
 1182      5032 3A25 
 1182      3469 2000 
 1185               	__c.2289:
 1186 01be 4773 3A25 		.string	"Gs:%4i  Gi:%4i "
 1186      3469 2020 
 1186      4769 3A25 
 1186      3469 2000 
 1189               	__c.2287:
 1190 01ce 4E69 3A25 		.string	"Ni:%4i  Ro:%4i "
 1190      3469 2020 
 1190      526F 3A25 
 1190      3469 2000 
 1193               	__c.2284:
 1194 01de 4B37 3A25 		.string	"K7:%4i  K8:%4i "
 1194      3469 2020 
 1194      4B38 3A25 
 1194      3469 2000 
 1197               	__c.2282:
 1198 01ee 4B35 3A25 		.string	"K5:%4i  K6:%4i "
 1198      3469 2020 
 1198      4B36 3A25 
 1198      3469 2000 
 1201               	__c.2280:
 1202 01fe 4B33 3A25 		.string	"K3:%4i  K4:%4i "
 1202      3469 2020 
 1202      4B34 3A25 
 1202      3469 2000 
 1205               	__c.2278:
 1206 020e 4B31 3A25 		.string	"K1:%4i  K2:%4i "
 1206      3469 2020 
 1206      4B32 3A25 
 1206      3469 2000 
 1209               	__c.2275:
 1210 021e 4B6F 6D70 		.string	"Kompass:   %5i"
 1210      6173 733A 
 1210      2020 2025 
 1210      3569 00
 1213               	__c.2273:
 1214 022d 526F 6C6C 		.string	"Roll:      %5i"
 1214      3A20 2020 
 1214      2020 2025 
 1214      3569 00
 1217               	__c.2271:
 1218 023c 4E69 636B 		.string	"Nick:      %5i"
 1218      3A20 2020 
 1218      2020 2025 
 1218      3569 00
 1221               	__c.2269:
 1222 024b 616B 742E 		.string	"akt. Lage"
 1222      204C 6167 
 1222      6500 
 1225               	__c.2266:
 1226 0255 48F6 6865 		.string	"H\366henregelung"
 1226      6E72 6567 
 1226      656C 756E 
 1226      6700 
 1229               	__c.2264:
 1230 0263 4B65 696E 		.string	"Keine "
 1230      6520 00
 1233               	__c.2262:
 1234 026a 4F66 6620 		.string	"Off      : %5i"
 1234      2020 2020 
 1234      203A 2025 
 1234      3569 00
 1237               	__c.2260:
 1238 0279 4C75 6674 		.string	"Luftdruck: %5i"
 1238      6472 7563 
 1238      6B3A 2025 
 1238      3569 00
 1241               	__c.2258:
 1242 0288 536F 6C6C 		.string	"SollHoehe: %5i"
 1242      486F 6568 
 1242      653A 2025 
 1242      3569 00
 1245               	__c.2256:
 1246 0297 486F 6568 		.string	"Hoehe:     %5i"
 1246      653A 2020 
 1246      2020 2025 
 1246      3569 00
 1249               	__c.2252:
 1250 02a6 2863 2920 		.string	"(c) Holger Buss"
 1250      486F 6C67 
 1250      6572 2042 
 1250      7573 7300 
 1253               	__c.2250:
 1254 02b6 5365 7474 		.string	"Setting: %d "
 1254      696E 673A 
 1254      2025 6420 
 1254      00
 1257               	__c.2248:
 1258 02c3 4857 3A56 		.string	"HW:V%d.%d SW:%d.%d%c"
 1258      2564 2E25 
 1258      6420 5357 
 1258      3A25 642E 
 1258      2564 2563 
 1261               	__c.2246:
 1262 02d8 2B20 4D69 		.string	"+ MikroKopter +"
 1262      6B72 6F4B 
 1262      6F70 7465 
 1262      7220 2B00 
 1265               	__c.2243:
 1266 02e8 5B25 695D 		.string	"[%i]"
 1266      00
 1269               	__c.2241:
 1270 02ed 5B25 695D 		.string	"[%i]"
 1270      00
 1271               		.lcomm MenuePunkt.2240,1
 1272               		.data
 1275               	MaxMenue.2239:
 1276 005a 0B        		.byte	11
 1277               	/* File "menu.c": code 1195 = 0x04ab (1191), prologues   1, epilogues   3 */
DEFINED SYMBOLS
                            *ABS*:00000000 menu.c
C:\DOCUME~1\ADMINI~1\LOCALS~1\Temp/ccxnjA4a.s:2      *ABS*:0000003f __SREG__
C:\DOCUME~1\ADMINI~1\LOCALS~1\Temp/ccxnjA4a.s:3      *ABS*:0000003e __SP_H__
C:\DOCUME~1\ADMINI~1\LOCALS~1\Temp/ccxnjA4a.s:4      *ABS*:0000003d __SP_L__
C:\DOCUME~1\ADMINI~1\LOCALS~1\Temp/ccxnjA4a.s:5      *ABS*:00000000 __tmp_reg__
C:\DOCUME~1\ADMINI~1\LOCALS~1\Temp/ccxnjA4a.s:6      *ABS*:00000001 __zero_reg__
C:\DOCUME~1\ADMINI~1\LOCALS~1\Temp/ccxnjA4a.s:12     .text:00000000 LcdClear
C:\DOCUME~1\ADMINI~1\LOCALS~1\Temp/ccxnjA4a.s:1042   .data:0000000a DisplayBuff
C:\DOCUME~1\ADMINI~1\LOCALS~1\Temp/ccxnjA4a.s:31     .text:00000012 Menu
C:\DOCUME~1\ADMINI~1\LOCALS~1\Temp/ccxnjA4a.s:1056   .bss:00000003 RemoteTasten
                             .bss:00000004 MenuePunkt.2240
C:\DOCUME~1\ADMINI~1\LOCALS~1\Temp/ccxnjA4a.s:1275   .data:0000005a MaxMenue.2239
C:\DOCUME~1\ADMINI~1\LOCALS~1\Temp/ccxnjA4a.s:1050   .bss:00000002 DispPtr
C:\DOCUME~1\ADMINI~1\LOCALS~1\Temp/ccxnjA4a.s:1269   .progmem.data:000002ed __c.2241
C:\DOCUME~1\ADMINI~1\LOCALS~1\Temp/ccxnjA4a.s:1265   .progmem.data:000002e8 __c.2243
C:\DOCUME~1\ADMINI~1\LOCALS~1\Temp/ccxnjA4a.s:1261   .progmem.data:000002d8 __c.2246
C:\DOCUME~1\ADMINI~1\LOCALS~1\Temp/ccxnjA4a.s:1257   .progmem.data:000002c3 __c.2248
C:\DOCUME~1\ADMINI~1\LOCALS~1\Temp/ccxnjA4a.s:1253   .progmem.data:000002b6 __c.2250
C:\DOCUME~1\ADMINI~1\LOCALS~1\Temp/ccxnjA4a.s:1249   .progmem.data:000002a6 __c.2252
C:\DOCUME~1\ADMINI~1\LOCALS~1\Temp/ccxnjA4a.s:1245   .progmem.data:00000297 __c.2256
C:\DOCUME~1\ADMINI~1\LOCALS~1\Temp/ccxnjA4a.s:1241   .progmem.data:00000288 __c.2258
C:\DOCUME~1\ADMINI~1\LOCALS~1\Temp/ccxnjA4a.s:1237   .progmem.data:00000279 __c.2260
C:\DOCUME~1\ADMINI~1\LOCALS~1\Temp/ccxnjA4a.s:1233   .progmem.data:0000026a __c.2262
C:\DOCUME~1\ADMINI~1\LOCALS~1\Temp/ccxnjA4a.s:1229   .progmem.data:00000263 __c.2264
C:\DOCUME~1\ADMINI~1\LOCALS~1\Temp/ccxnjA4a.s:1225   .progmem.data:00000255 __c.2266
C:\DOCUME~1\ADMINI~1\LOCALS~1\Temp/ccxnjA4a.s:1221   .progmem.data:0000024b __c.2269
C:\DOCUME~1\ADMINI~1\LOCALS~1\Temp/ccxnjA4a.s:1217   .progmem.data:0000023c __c.2271
C:\DOCUME~1\ADMINI~1\LOCALS~1\Temp/ccxnjA4a.s:1213   .progmem.data:0000022d __c.2273
C:\DOCUME~1\ADMINI~1\LOCALS~1\Temp/ccxnjA4a.s:1209   .progmem.data:0000021e __c.2275
C:\DOCUME~1\ADMINI~1\LOCALS~1\Temp/ccxnjA4a.s:1205   .progmem.data:0000020e __c.2278
C:\DOCUME~1\ADMINI~1\LOCALS~1\Temp/ccxnjA4a.s:1201   .progmem.data:000001fe __c.2280
C:\DOCUME~1\ADMINI~1\LOCALS~1\Temp/ccxnjA4a.s:1197   .progmem.data:000001ee __c.2282
C:\DOCUME~1\ADMINI~1\LOCALS~1\Temp/ccxnjA4a.s:1193   .progmem.data:000001de __c.2284
C:\DOCUME~1\ADMINI~1\LOCALS~1\Temp/ccxnjA4a.s:1189   .progmem.data:000001ce __c.2287
C:\DOCUME~1\ADMINI~1\LOCALS~1\Temp/ccxnjA4a.s:1185   .progmem.data:000001be __c.2289
C:\DOCUME~1\ADMINI~1\LOCALS~1\Temp/ccxnjA4a.s:1181   .progmem.data:000001ae __c.2291
C:\DOCUME~1\ADMINI~1\LOCALS~1\Temp/ccxnjA4a.s:1177   .progmem.data:0000019e __c.2293
C:\DOCUME~1\ADMINI~1\LOCALS~1\Temp/ccxnjA4a.s:1173   .progmem.data:00000190 __c.2296
C:\DOCUME~1\ADMINI~1\LOCALS~1\Temp/ccxnjA4a.s:1169   .progmem.data:00000181 __c.2298
C:\DOCUME~1\ADMINI~1\LOCALS~1\Temp/ccxnjA4a.s:1165   .progmem.data:00000172 __c.2300
C:\DOCUME~1\ADMINI~1\LOCALS~1\Temp/ccxnjA4a.s:1161   .progmem.data:00000163 __c.2302
C:\DOCUME~1\ADMINI~1\LOCALS~1\Temp/ccxnjA4a.s:1157   .progmem.data:00000154 __c.2304
C:\DOCUME~1\ADMINI~1\LOCALS~1\Temp/ccxnjA4a.s:1153   .progmem.data:00000145 __c.2306
C:\DOCUME~1\ADMINI~1\LOCALS~1\Temp/ccxnjA4a.s:1149   .progmem.data:00000136 __c.2308
C:\DOCUME~1\ADMINI~1\LOCALS~1\Temp/ccxnjA4a.s:1145   .progmem.data:00000129 __c.2311
C:\DOCUME~1\ADMINI~1\LOCALS~1\Temp/ccxnjA4a.s:1141   .progmem.data:0000011a __c.2313
C:\DOCUME~1\ADMINI~1\LOCALS~1\Temp/ccxnjA4a.s:1137   .progmem.data:0000010b __c.2315
C:\DOCUME~1\ADMINI~1\LOCALS~1\Temp/ccxnjA4a.s:1133   .progmem.data:000000fc __c.2317
C:\DOCUME~1\ADMINI~1\LOCALS~1\Temp/ccxnjA4a.s:1129   .progmem.data:000000ed __c.2320
C:\DOCUME~1\ADMINI~1\LOCALS~1\Temp/ccxnjA4a.s:1125   .progmem.data:000000de __c.2322
C:\DOCUME~1\ADMINI~1\LOCALS~1\Temp/ccxnjA4a.s:1121   .progmem.data:000000cf __c.2325
C:\DOCUME~1\ADMINI~1\LOCALS~1\Temp/ccxnjA4a.s:1117   .progmem.data:000000c0 __c.2327
C:\DOCUME~1\ADMINI~1\LOCALS~1\Temp/ccxnjA4a.s:1113   .progmem.data:000000b1 __c.2329
C:\DOCUME~1\ADMINI~1\LOCALS~1\Temp/ccxnjA4a.s:1109   .progmem.data:000000a2 __c.2331
C:\DOCUME~1\ADMINI~1\LOCALS~1\Temp/ccxnjA4a.s:1105   .progmem.data:00000096 __c.2334
C:\DOCUME~1\ADMINI~1\LOCALS~1\Temp/ccxnjA4a.s:1101   .progmem.data:0000008a __c.2336
C:\DOCUME~1\ADMINI~1\LOCALS~1\Temp/ccxnjA4a.s:1097   .progmem.data:0000007e __c.2338
C:\DOCUME~1\ADMINI~1\LOCALS~1\Temp/ccxnjA4a.s:1093   .progmem.data:00000072 __c.2340
C:\DOCUME~1\ADMINI~1\LOCALS~1\Temp/ccxnjA4a.s:1089   .progmem.data:0000006a __c.2343
C:\DOCUME~1\ADMINI~1\LOCALS~1\Temp/ccxnjA4a.s:1085   .progmem.data:0000005c __c.2345
C:\DOCUME~1\ADMINI~1\LOCALS~1\Temp/ccxnjA4a.s:1081   .progmem.data:0000004e __c.2347
C:\DOCUME~1\ADMINI~1\LOCALS~1\Temp/ccxnjA4a.s:1077   .progmem.data:00000040 __c.2349
C:\DOCUME~1\ADMINI~1\LOCALS~1\Temp/ccxnjA4a.s:1073   .progmem.data:00000030 __c.2352
C:\DOCUME~1\ADMINI~1\LOCALS~1\Temp/ccxnjA4a.s:1069   .progmem.data:00000020 __c.2354
C:\DOCUME~1\ADMINI~1\LOCALS~1\Temp/ccxnjA4a.s:1065   .progmem.data:00000010 __c.2356
C:\DOCUME~1\ADMINI~1\LOCALS~1\Temp/ccxnjA4a.s:1061   .progmem.data:00000000 __c.2358
C:\DOCUME~1\ADMINI~1\LOCALS~1\Temp/ccxnjA4a.s:1022   .bss:00000000 TestInt
C:\DOCUME~1\ADMINI~1\LOCALS~1\Temp/ccxnjA4a.s:1028   .data:00000000 Array

UNDEFINED SYMBOLS
__do_copy_data
__do_clear_bss
RemotePollDisplayLine
_printf_P
PlatinenVersion
__udivmodqi4
GetActiveParamSetNumber
EE_Parameter
HoehenWert
SollHoehe
MessLuftdruck
DruckOffsetSetting
IntegralNick
__divmodsi4
IntegralRoll
KompassValue
PPM_in
AdNeutralNick
AdWertNick
AdNeutralRoll
AdWertRoll
AdNeutralGier
MesswertGier
__divmodhi4
NeutralAccX
AdWertAccNick
NeutralAccY
AdWertAccRoll
NeutralAccZ
__fixsfsi
Mittelwert_AccHoch
UBat
SenderOkay
KompassRichtung
KompassStartwert
Poti1
Poti2
Poti3
Poti4
Parameter_ServoNickControl
ServoValue
ExternControl
