   1               		.file	"twimaster.c"
   2               	__SREG__ = 0x3f
   3               	__SP_H__ = 0x3e
   4               	__SP_L__ = 0x3d
   5               	__tmp_reg__ = 0
   6               	__zero_reg__ = 1
   7               		.global __do_copy_data
   8               		.global __do_clear_bss
   9               		.text
  10               	.global	i2c_init
  12               	i2c_init:
  13               	/* prologue: frame size=0 */
  14               	/* prologue end (size=0) */
  15 0000 1092 B900 		sts 185,__zero_reg__
  16 0004 8AE2      		ldi r24,lo8(42)
  17 0006 8093 B800 		sts 184,r24
  18               	/* epilogue: frame size=0 */
  19 000a 0895      		ret
  20               	/* epilogue end (size=1) */
  21               	/* function i2c_init size 6 (5) */
  23               	.global	i2c_start
  25               	i2c_start:
  26               	/* prologue: frame size=0 */
  27               	/* prologue end (size=0) */
  28 000c 85EA      		ldi r24,lo8(-91)
  29 000e 8093 BC00 		sts 188,r24
  30 0012 80E0      		ldi r24,lo8(0)
  31 0014 90E0      		ldi r25,hi8(0)
  32               	/* epilogue: frame size=0 */
  33 0016 0895      		ret
  34               	/* epilogue end (size=1) */
  35               	/* function i2c_start size 6 (5) */
  37               	.global	i2c_stop
  39               	i2c_stop:
  40               	/* prologue: frame size=0 */
  41               	/* prologue end (size=0) */
  42 0018 84E9      		ldi r24,lo8(-108)
  43 001a 8093 BC00 		sts 188,r24
  44               	/* epilogue: frame size=0 */
  45 001e 0895      		ret
  46               	/* epilogue end (size=1) */
  47               	/* function i2c_stop size 4 (3) */
  49               	.global	i2c_write_byte
  51               	i2c_write_byte:
  52               	/* prologue: frame size=0 */
  53               	/* prologue end (size=0) */
  54 0020 1092 B900 		sts 185,__zero_reg__
  55 0024 8093 BB00 		sts 187,r24
  56 0028 85E8      		ldi r24,lo8(-123)
  57 002a 8093 BC00 		sts 188,r24
  58 002e 80E0      		ldi r24,lo8(0)
  59 0030 90E0      		ldi r25,hi8(0)
  60               	/* epilogue: frame size=0 */
  61 0032 0895      		ret
  62               	/* epilogue end (size=1) */
  63               	/* function i2c_write_byte size 10 (9) */
  65               	.global	__vector_26
  67               	__vector_26:
  68               	/* prologue: frame size=0 */
  69 0034 1F92      		push __zero_reg__
  70 0036 0F92      		push __tmp_reg__
  71 0038 0FB6      		in __tmp_reg__,__SREG__
  72 003a 0F92      		push __tmp_reg__
  73 003c 1124      		clr __zero_reg__
  74 003e 8F93      		push r24
  75 0040 9F93      		push r25
  76 0042 EF93      		push r30
  77 0044 FF93      		push r31
  78               	/* prologue end (size=9) */
  79 0046 8091 0000 		lds r24,twi_state
  80 004a 8F5F      		subi r24,lo8(-(1))
  81 004c 8093 0000 		sts twi_state,r24
  82 0050 8150      		subi r24,lo8(-(-1))
  83 0052 8330      		cpi r24,lo8(3)
  84 0054 01F0      		breq .L14
  85 0056 8430      		cpi r24,lo8(4)
  86 0058 00F4      		brsh .L19
  87 005a 8130      		cpi r24,lo8(1)
  88 005c 01F0      		breq .L12
  89 005e 8230      		cpi r24,lo8(2)
  90 0060 00F4      		brsh .L13
  91 0062 00C0      		rjmp .L38
  92               	.L19:
  93 0064 8530      		cpi r24,lo8(5)
  94 0066 01F0      		breq .L16
  95 0068 8530      		cpi r24,lo8(5)
  96 006a 00F0      		brlo .L17
  97 006c 8630      		cpi r24,lo8(6)
  98 006e 01F0      		breq .L17
  99 0070 8730      		cpi r24,lo8(7)
 100 0072 01F0      		breq .+2
 101 0074 00C0      		rjmp .L10
 102 0076 00C0      		rjmp .L18
 103               	.L38:
 104 0078 8091 0000 		lds r24,motor
 105 007c 880F      		lsl r24
 106 007e 8E5A      		subi r24,lo8(-(82))
 107 0080 00C0      		rjmp .L39
 108               	.L12:
 109 0082 8091 0000 		lds r24,motor
 110 0086 8F5F      		subi r24,lo8(-(1))
 111 0088 8093 0000 		sts motor,r24
 112 008c 8150      		subi r24,lo8(-(-1))
 113 008e 00C0      		rjmp .L47
 114               	.L42:
 115 0090 8330      		cpi r24,lo8(3)
 116 0092 01F0      		breq .+2
 117 0094 00C0      		rjmp .L10
 118 0096 8091 0000 		lds r24,Motor_Links
 119               	.L39:
 120 009a 1092 B900 		sts 185,__zero_reg__
 121 009e 8093 BB00 		sts 187,r24
 122 00a2 85E8      		ldi r24,lo8(-123)
 123               	.L40:
 124 00a4 8093 BC00 		sts 188,r24
 125 00a8 00C0      		rjmp .L10
 126               	.L13:
 127 00aa 84E9      		ldi r24,lo8(-108)
 128 00ac 8093 BC00 		sts 188,r24
 129 00b0 8091 0000 		lds r24,motor
 130 00b4 8430      		cpi r24,lo8(4)
 131 00b6 00F4      		brsh .L24
 132 00b8 1092 0000 		sts twi_state,__zero_reg__
 133 00bc 00C0      		rjmp .L26
 134               	.L24:
 135 00be 1092 0000 		sts motor,__zero_reg__
 136               	.L26:
 137 00c2 85EA      		ldi r24,lo8(-91)
 138 00c4 00C0      		rjmp .L40
 139               	.L14:
 140 00c6 8091 0000 		lds r24,motorread
 141 00ca 880F      		lsl r24
 142 00cc 8D5A      		subi r24,lo8(-(83))
 143 00ce 00C0      		rjmp .L39
 144               	.L48:
 145 00d0 8230      		cpi r24,lo8(2)
 146 00d2 01F0      		breq .L33
 147 00d4 00C0      		rjmp .L42
 148               	.L16:
 149 00d6 8091 BB00 		lds r24,187
 150 00da E091 0000 		lds r30,motorread
 151 00de F0E0      		ldi r31,lo8(0)
 152 00e0 E050      		subi r30,lo8(-(motor_rx))
 153 00e2 F040      		sbci r31,hi8(-(motor_rx))
 154 00e4 8083      		st Z,r24
 155               	.L17:
 156 00e6 8091 0000 		lds r24,motorread
 157               	.L47:
 158 00ea 8130      		cpi r24,lo8(1)
 159 00ec 01F0      		breq .L32
 160 00ee 8130      		cpi r24,lo8(1)
 161 00f0 00F4      		brsh .L48
 162 00f2 8091 0000 		lds r24,Motor_Vorne
 163 00f6 00C0      		rjmp .L39
 164               	.L32:
 165 00f8 8091 0000 		lds r24,Motor_Hinten
 166 00fc 00C0      		rjmp .L39
 167               	.L33:
 168 00fe 8091 0000 		lds r24,Motor_Rechts
 169 0102 00C0      		rjmp .L39
 170               	.L18:
 171 0104 8091 0000 		lds r24,motorread
 172 0108 9091 BB00 		lds r25,187
 173 010c E82F      		mov r30,r24
 174 010e F0E0      		ldi r31,lo8(0)
 175 0110 E050      		subi r30,lo8(-(motor_rx))
 176 0112 F040      		sbci r31,hi8(-(motor_rx))
 177 0114 9483      		std Z+4,r25
 178 0116 8F5F      		subi r24,lo8(-(1))
 179 0118 8093 0000 		sts motorread,r24
 180 011c 8430      		cpi r24,lo8(4)
 181 011e 00F0      		brlo .L35
 182 0120 1092 0000 		sts motorread,__zero_reg__
 183               	.L35:
 184 0124 84E9      		ldi r24,lo8(-108)
 185 0126 8093 BC00 		sts 188,r24
 186 012a 8AE0      		ldi r24,lo8(10)
 187 012c 90E0      		ldi r25,hi8(10)
 188 012e 9093 0000 		sts (I2CTimeout)+1,r25
 189 0132 8093 0000 		sts I2CTimeout,r24
 190 0136 1092 0000 		sts twi_state,__zero_reg__
 191               	.L10:
 192 013a 8091 BC00 		lds r24,188
 193 013e 8068      		ori r24,lo8(-128)
 194 0140 8093 BC00 		sts 188,r24
 195               	/* epilogue: frame size=0 */
 196 0144 FF91      		pop r31
 197 0146 EF91      		pop r30
 198 0148 9F91      		pop r25
 199 014a 8F91      		pop r24
 200 014c 0F90      		pop __tmp_reg__
 201 014e 0FBE      		out __SREG__,__tmp_reg__
 202 0150 0F90      		pop __tmp_reg__
 203 0152 1F90      		pop __zero_reg__
 204 0154 1895      		reti
 205               	/* epilogue end (size=9) */
 206               	/* function __vector_26 size 145 (127) */
 208               	.global	i2c_reset
 210               	i2c_reset:
 211               	/* prologue: frame size=0 */
 212               	/* prologue end (size=0) */
 213 0156 4CEB      		ldi r20,lo8(188)
 214 0158 50E0      		ldi r21,hi8(188)
 215 015a 84E9      		ldi r24,lo8(-108)
 216 015c DA01      		movw r26,r20
 217 015e 8C93      		st X,r24
 218 0160 1092 0000 		sts twi_state,__zero_reg__
 219 0164 2BEB      		ldi r18,lo8(187)
 220 0166 30E0      		ldi r19,hi8(187)
 221 0168 F901      		movw r30,r18
 222 016a 8081      		ld r24,Z
 223 016c 1092 0000 		sts motor,__zero_reg__
 224 0170 80E8      		ldi r24,lo8(-128)
 225 0172 8C93      		st X,r24
 226 0174 1092 BD00 		sts 189,__zero_reg__
 227 0178 1092 BA00 		sts 186,__zero_reg__
 228 017c 1082      		st Z,__zero_reg__
 229 017e E9EB      		ldi r30,lo8(185)
 230 0180 F0E0      		ldi r31,hi8(185)
 231 0182 1082      		st Z,__zero_reg__
 232 0184 A8EB      		ldi r26,lo8(184)
 233 0186 B0E0      		ldi r27,hi8(184)
 234 0188 1C92      		st X,__zero_reg__
 235 018a 1082      		st Z,__zero_reg__
 236 018c 8AE2      		ldi r24,lo8(42)
 237 018e 8C93      		st X,r24
 238 0190 85EA      		ldi r24,lo8(-91)
 239 0192 DA01      		movw r26,r20
 240 0194 8C93      		st X,r24
 241 0196 1082      		st Z,__zero_reg__
 242 0198 F901      		movw r30,r18
 243 019a 1082      		st Z,__zero_reg__
 244 019c 85E8      		ldi r24,lo8(-123)
 245 019e 8C93      		st X,r24
 246               	/* epilogue: frame size=0 */
 247 01a0 0895      		ret
 248               	/* epilogue end (size=1) */
 249               	/* function i2c_reset size 38 (37) */
 251               	.global	twi_state
 252               	.global	twi_state
 253               		.section .bss
 256               	twi_state:
 257 0000 00        		.skip 1,0
 258               	.global	motor
 259               	.global	motor
 262               	motor:
 263 0001 00        		.skip 1,0
 264               	.global	motorread
 265               	.global	motorread
 268               	motorread:
 269 0002 00        		.skip 1,0
 270               		.comm motor_rx,8,1
 271               	/* File "twimaster.c": code  209 = 0x00d1 ( 186), prologues   9, epilogues  14 */
DEFINED SYMBOLS
                            *ABS*:00000000 twimaster.c
C:\DOCUME~1\ADMINI~1\LOCALS~1\Temp/ccllwdvQ.s:2      *ABS*:0000003f __SREG__
C:\DOCUME~1\ADMINI~1\LOCALS~1\Temp/ccllwdvQ.s:3      *ABS*:0000003e __SP_H__
C:\DOCUME~1\ADMINI~1\LOCALS~1\Temp/ccllwdvQ.s:4      *ABS*:0000003d __SP_L__
C:\DOCUME~1\ADMINI~1\LOCALS~1\Temp/ccllwdvQ.s:5      *ABS*:00000000 __tmp_reg__
C:\DOCUME~1\ADMINI~1\LOCALS~1\Temp/ccllwdvQ.s:6      *ABS*:00000001 __zero_reg__
C:\DOCUME~1\ADMINI~1\LOCALS~1\Temp/ccllwdvQ.s:12     .text:00000000 i2c_init
C:\DOCUME~1\ADMINI~1\LOCALS~1\Temp/ccllwdvQ.s:25     .text:0000000c i2c_start
C:\DOCUME~1\ADMINI~1\LOCALS~1\Temp/ccllwdvQ.s:39     .text:00000018 i2c_stop
C:\DOCUME~1\ADMINI~1\LOCALS~1\Temp/ccllwdvQ.s:51     .text:00000020 i2c_write_byte
C:\DOCUME~1\ADMINI~1\LOCALS~1\Temp/ccllwdvQ.s:67     .text:00000034 __vector_26
C:\DOCUME~1\ADMINI~1\LOCALS~1\Temp/ccllwdvQ.s:256    .bss:00000000 twi_state
C:\DOCUME~1\ADMINI~1\LOCALS~1\Temp/ccllwdvQ.s:262    .bss:00000001 motor
C:\DOCUME~1\ADMINI~1\LOCALS~1\Temp/ccllwdvQ.s:268    .bss:00000002 motorread
                            *COM*:00000008 motor_rx
C:\DOCUME~1\ADMINI~1\LOCALS~1\Temp/ccllwdvQ.s:210    .text:00000156 i2c_reset

UNDEFINED SYMBOLS
__do_copy_data
__do_clear_bss
Motor_Links
Motor_Vorne
Motor_Hinten
Motor_Rechts
I2CTimeout
