   1               		.file	"uart.c"
   2               	__SREG__ = 0x3f
   3               	__SP_H__ = 0x3e
   4               	__SP_L__ = 0x3d
   5               	__tmp_reg__ = 0
   6               	__zero_reg__ = 1
   7               		.global __do_copy_data
   8               		.global __do_clear_bss
   9               		.text
  10               	.global	__vector_22
  12               	__vector_22:
  13               	/* prologue: frame size=0 */
  14 0000 1F92      		push __zero_reg__
  15 0002 0F92      		push __tmp_reg__
  16 0004 0FB6      		in __tmp_reg__,__SREG__
  17 0006 0F92      		push __tmp_reg__
  18 0008 1124      		clr __zero_reg__
  19 000a 8F93      		push r24
  20 000c 9F93      		push r25
  21 000e EF93      		push r30
  22 0010 FF93      		push r31
  23               	/* prologue end (size=9) */
  24 0012 8091 0000 		lds r24,UebertragungAbgeschlossen
  25 0016 8823      		tst r24
  26 0018 01F4      		brne .L2
  27 001a 8091 0000 		lds r24,ptr.2255
  28 001e 9091 0000 		lds r25,(ptr.2255)+1
  29 0022 0196      		adiw r24,1
  30 0024 9093 0000 		sts (ptr.2255)+1,r25
  31 0028 8093 0000 		sts ptr.2255,r24
  32 002c FC01      		movw r30,r24
  33 002e E050      		subi r30,lo8(-(SendeBuffer))
  34 0030 F040      		sbci r31,hi8(-(SendeBuffer))
  35 0032 E081      		ld r30,Z
  36 0034 ED30      		cpi r30,lo8(13)
  37 0036 01F0      		breq .L4
  38 0038 8639      		cpi r24,150
  39 003a 9105      		cpc r25,__zero_reg__
  40 003c 01F4      		brne .L6
  41               	.L4:
  42 003e 1092 0000 		sts (ptr.2255)+1,__zero_reg__
  43 0042 1092 0000 		sts ptr.2255,__zero_reg__
  44 0046 81E0      		ldi r24,lo8(1)
  45 0048 8093 0000 		sts UebertragungAbgeschlossen,r24
  46               	.L6:
  47 004c E093 C600 		sts 198,r30
  48 0050 00C0      		rjmp .L8
  49               	.L2:
  50 0052 1092 0000 		sts (ptr.2255)+1,__zero_reg__
  51 0056 1092 0000 		sts ptr.2255,__zero_reg__
  52               	.L8:
  53               	/* epilogue: frame size=0 */
  54 005a FF91      		pop r31
  55 005c EF91      		pop r30
  56 005e 9F91      		pop r25
  57 0060 8F91      		pop r24
  58 0062 0F90      		pop __tmp_reg__
  59 0064 0FBE      		out __SREG__,__tmp_reg__
  60 0066 0F90      		pop __tmp_reg__
  61 0068 1F90      		pop __zero_reg__
  62 006a 1895      		reti
  63               	/* epilogue end (size=9) */
  64               	/* function __vector_22 size 54 (36) */
  66               	.global	__vector_20
  68               	__vector_20:
  69               	/* prologue: frame size=0 */
  70 006c 1F92      		push __zero_reg__
  71 006e 0F92      		push __tmp_reg__
  72 0070 0FB6      		in __tmp_reg__,__SREG__
  73 0072 0F92      		push __tmp_reg__
  74 0074 1124      		clr __zero_reg__
  75 0076 2F93      		push r18
  76 0078 3F93      		push r19
  77 007a 4F93      		push r20
  78 007c 8F93      		push r24
  79 007e 9F93      		push r25
  80 0080 AF93      		push r26
  81 0082 BF93      		push r27
  82 0084 CF93      		push r28
  83 0086 DF93      		push r29
  84 0088 EF93      		push r30
  85 008a FF93      		push r31
  86               	/* prologue end (size=16) */
  87 008c 8091 C600 		lds r24,198
  88 0090 8093 0000 		sts SioTmp,r24
  89 0094 4091 0000 		lds r20,buf_ptr.2271
  90 0098 4639      		cpi r20,lo8(-106)
  91 009a 00F0      		brlo .L10
  92 009c 1092 0000 		sts UartState.2272,__zero_reg__
  93               	.L10:
  94 00a0 8091 0000 		lds r24,SioTmp
  95 00a4 8D30      		cpi r24,lo8(13)
  96 00a6 01F0      		breq .+2
  97 00a8 00C0      		rjmp .L12
  98 00aa 8091 0000 		lds r24,UartState.2272
  99 00ae 8230      		cpi r24,lo8(2)
 100 00b0 01F0      		breq .+2
 101 00b2 00C0      		rjmp .L12
 102 00b4 1092 0000 		sts UartState.2272,__zero_reg__
 103 00b8 A42F      		mov r26,r20
 104 00ba B0E0      		ldi r27,lo8(0)
 105 00bc FD01      		movw r30,r26
 106 00be E050      		subi r30,lo8(-(RxdBuffer-2))
 107 00c0 F040      		sbci r31,hi8(-(RxdBuffer-2))
 108 00c2 3081      		ld r19,Z
 109 00c4 ED01      		movw r28,r26
 110 00c6 C050      		subi r28,lo8(-(RxdBuffer-1))
 111 00c8 D040      		sbci r29,hi8(-(RxdBuffer-1))
 112 00ca 2881      		ld r18,Y
 113 00cc 8091 0000 		lds r24,crc.2268
 114 00d0 9091 0000 		lds r25,(crc.2268)+1
 115 00d4 831B      		sub r24,r19
 116 00d6 9109      		sbc r25,__zero_reg__
 117 00d8 821B      		sub r24,r18
 118 00da 9109      		sbc r25,__zero_reg__
 119 00dc 9F70      		andi r25,hi8(4095)
 120 00de 9093 0000 		sts (crc.2268)+1,r25
 121 00e2 8093 0000 		sts crc.2268,r24
 122 00e6 9C01      		movw r18,r24
 123 00e8 96E0      		ldi r25,6
 124 00ea 3695      	1:	lsr r19
 125 00ec 2795      		ror r18
 126 00ee 9A95      		dec r25
 127 00f0 01F4      		brne 1b
 128 00f2 235C      		subi r18,lo8(-(61))
 129 00f4 2093 0000 		sts crc1.2269,r18
 130 00f8 982F      		mov r25,r24
 131 00fa 9F73      		andi r25,lo8(63)
 132 00fc 935C      		subi r25,lo8(-(61))
 133 00fe 9093 0000 		sts crc2.2270,r25
 134 0102 8081      		ld r24,Z
 135 0104 2817      		cp r18,r24
 136 0106 01F4      		brne .L15
 137 0108 8881      		ld r24,Y
 138 010a 9817      		cp r25,r24
 139 010c 01F4      		brne .L15
 140 010e 91E0      		ldi r25,lo8(1)
 141 0110 00C0      		rjmp .L18
 142               	.L15:
 143 0112 8091 0000 		lds r24,CntCrcError
 144 0116 8F5F      		subi r24,lo8(-(1))
 145 0118 8093 0000 		sts CntCrcError,r24
 146 011c 90E0      		ldi r25,lo8(0)
 147               	.L18:
 148 011e 8091 0000 		lds r24,NeuerDatensatzEmpfangen
 149 0122 8823      		tst r24
 150 0124 01F0      		breq .+2
 151 0126 00C0      		rjmp .L33
 152 0128 9923      		tst r25
 153 012a 01F4      		brne .+2
 154 012c 00C0      		rjmp .L33
 155 012e 81E0      		ldi r24,lo8(1)
 156 0130 8093 0000 		sts NeuerDatensatzEmpfangen,r24
 157 0134 4093 0000 		sts AnzahlEmpfangsBytes,r20
 158 0138 A050      		subi r26,lo8(-(RxdBuffer))
 159 013a B040      		sbci r27,hi8(-(RxdBuffer))
 160 013c 8DE0      		ldi r24,lo8(13)
 161 013e 8C93      		st X,r24
 162 0140 8091 0000 		lds r24,RxdBuffer+2
 163 0144 8235      		cpi r24,lo8(82)
 164 0146 01F0      		breq .+2
 165 0148 00C0      		rjmp .L33
 166 014a 88E1      		ldi r24,lo8(24)
 167 014c 90E0      		ldi r25,hi8(24)
 168 014e 2CE0      		ldi r18,lo8(12)
 169               	/* #APP */
 170 0150 0FB6      		in __tmp_reg__,__SREG__
 171 0152 F894      		cli
 172 0154 A895      		wdr
 173 0156 8093 6000 		sts 96,r24
 174 015a 0FBE      		out __SREG__,__tmp_reg__
 175 015c 2093 6000 		sts 96,r18
 176               	/* #NOAPP */
 177 0160 00C0      		rjmp .L33
 178               	.L12:
 179 0162 8091 0000 		lds r24,UartState.2272
 180 0166 8130      		cpi r24,lo8(1)
 181 0168 01F0      		breq .L25
 182 016a 8130      		cpi r24,lo8(1)
 183 016c 00F0      		brlo .L24
 184 016e 8230      		cpi r24,lo8(2)
 185 0170 01F4      		brne .L34
 186 0172 00C0      		rjmp .L26
 187               	.L24:
 188 0174 8091 0000 		lds r24,SioTmp
 189 0178 8332      		cpi r24,lo8(35)
 190 017a 01F4      		brne .L27
 191 017c 8091 0000 		lds r24,NeuerDatensatzEmpfangen
 192 0180 8823      		tst r24
 193 0182 01F4      		brne .L27
 194 0184 81E0      		ldi r24,lo8(1)
 195 0186 8093 0000 		sts UartState.2272,r24
 196               	.L27:
 197 018a 8091 0000 		lds r24,SioTmp
 198 018e 8093 0000 		sts RxdBuffer,r24
 199 0192 81E0      		ldi r24,lo8(1)
 200 0194 8093 0000 		sts buf_ptr.2271,r24
 201 0198 8091 0000 		lds r24,SioTmp
 202 019c 90E0      		ldi r25,lo8(0)
 203 019e 00C0      		rjmp .L35
 204               	.L25:
 205 01a0 82E0      		ldi r24,lo8(2)
 206 01a2 8093 0000 		sts UartState.2272,r24
 207 01a6 E42F      		mov r30,r20
 208 01a8 F0E0      		ldi r31,lo8(0)
 209 01aa 8091 0000 		lds r24,SioTmp
 210 01ae E050      		subi r30,lo8(-(RxdBuffer))
 211 01b0 F040      		sbci r31,hi8(-(RxdBuffer))
 212 01b2 8083      		st Z,r24
 213 01b4 00C0      		rjmp .L36
 214               	.L26:
 215 01b6 E42F      		mov r30,r20
 216 01b8 F0E0      		ldi r31,lo8(0)
 217 01ba 8091 0000 		lds r24,SioTmp
 218 01be E050      		subi r30,lo8(-(RxdBuffer))
 219 01c0 F040      		sbci r31,hi8(-(RxdBuffer))
 220 01c2 8083      		st Z,r24
 221 01c4 4639      		cpi r20,lo8(-106)
 222 01c6 00F4      		brsh .L30
 223               	.L36:
 224 01c8 4F5F      		subi r20,lo8(-(1))
 225 01ca 4093 0000 		sts buf_ptr.2271,r20
 226 01ce 00C0      		rjmp .L32
 227               	.L30:
 228 01d0 1092 0000 		sts UartState.2272,__zero_reg__
 229               	.L32:
 230 01d4 2091 0000 		lds r18,SioTmp
 231 01d8 8091 0000 		lds r24,crc.2268
 232 01dc 9091 0000 		lds r25,(crc.2268)+1
 233 01e0 820F      		add r24,r18
 234 01e2 911D      		adc r25,__zero_reg__
 235               	.L35:
 236 01e4 9093 0000 		sts (crc.2268)+1,r25
 237 01e8 8093 0000 		sts crc.2268,r24
 238 01ec 00C0      		rjmp .L33
 239               	.L34:
 240 01ee 1092 0000 		sts UartState.2272,__zero_reg__
 241               	.L33:
 242               	/* epilogue: frame size=0 */
 243 01f2 FF91      		pop r31
 244 01f4 EF91      		pop r30
 245 01f6 DF91      		pop r29
 246 01f8 CF91      		pop r28
 247 01fa BF91      		pop r27
 248 01fc AF91      		pop r26
 249 01fe 9F91      		pop r25
 250 0200 8F91      		pop r24
 251 0202 4F91      		pop r20
 252 0204 3F91      		pop r19
 253 0206 2F91      		pop r18
 254 0208 0F90      		pop __tmp_reg__
 255 020a 0FBE      		out __SREG__,__tmp_reg__
 256 020c 0F90      		pop __tmp_reg__
 257 020e 1F90      		pop __zero_reg__
 258 0210 1895      		reti
 259               	/* epilogue end (size=16) */
 260               	/* function __vector_20 size 216 (184) */
 262               	.global	AddCRC
 264               	AddCRC:
 265               	/* prologue: frame size=0 */
 266               	/* prologue end (size=0) */
 267 0212 DC01      		movw r26,r24
 268 0214 20E0      		ldi r18,lo8(0)
 269 0216 30E0      		ldi r19,hi8(0)
 270 0218 40E0      		ldi r20,lo8(0)
 271 021a 50E0      		ldi r21,hi8(0)
 272 021c 00C0      		rjmp .L38
 273               	.L39:
 274 021e FA01      		movw r30,r20
 275 0220 E050      		subi r30,lo8(-(SendeBuffer))
 276 0222 F040      		sbci r31,hi8(-(SendeBuffer))
 277 0224 8081      		ld r24,Z
 278 0226 280F      		add r18,r24
 279 0228 311D      		adc r19,__zero_reg__
 280 022a 4F5F      		subi r20,lo8(-(1))
 281 022c 5F4F      		sbci r21,hi8(-(1))
 282               	.L38:
 283 022e 4A17      		cp r20,r26
 284 0230 5B07      		cpc r21,r27
 285 0232 01F4      		brne .L39
 286 0234 3F70      		andi r19,hi8(4095)
 287 0236 C901      		movw r24,r18
 288 0238 36E0      		ldi r19,6
 289 023a 9695      	1:	lsr r25
 290 023c 8795      		ror r24
 291 023e 3A95      		dec r19
 292 0240 01F4      		brne 1b
 293 0242 835C      		subi r24,lo8(-(61))
 294 0244 FD01      		movw r30,r26
 295 0246 E050      		subi r30,lo8(-(SendeBuffer))
 296 0248 F040      		sbci r31,hi8(-(SendeBuffer))
 297 024a 8083      		st Z,r24
 298 024c 1196      		adiw r26,1
 299 024e 2F73      		andi r18,lo8(63)
 300 0250 235C      		subi r18,lo8(-(61))
 301 0252 FD01      		movw r30,r26
 302 0254 E050      		subi r30,lo8(-(SendeBuffer))
 303 0256 F040      		sbci r31,hi8(-(SendeBuffer))
 304 0258 2083      		st Z,r18
 305 025a A050      		subi r26,lo8(-(SendeBuffer+1))
 306 025c B040      		sbci r27,hi8(-(SendeBuffer+1))
 307 025e 8DE0      		ldi r24,lo8(13)
 308 0260 8C93      		st X,r24
 309 0262 1092 0000 		sts UebertragungAbgeschlossen,__zero_reg__
 310 0266 8091 0000 		lds r24,SendeBuffer
 311 026a 8093 C600 		sts 198,r24
 312               	/* epilogue: frame size=0 */
 313 026e 0895      		ret
 314               	/* epilogue end (size=1) */
 315               	/* function AddCRC size 48 (47) */
 317               	.global	SendOutData
 319               	SendOutData:
 320               	/* prologue: frame size=0 */
 321 0270 1F93      		push r17
 322 0272 CF93      		push r28
 323 0274 DF93      		push r29
 324               	/* prologue end (size=3) */
 325 0276 EA01      		movw r28,r20
 326 0278 722F      		mov r23,r18
 327 027a 93E2      		ldi r25,lo8(35)
 328 027c 9093 0000 		sts SendeBuffer,r25
 329 0280 6093 0000 		sts SendeBuffer+1,r22
 330 0284 8093 0000 		sts SendeBuffer+2,r24
 331 0288 A3E0      		ldi r26,lo8(3)
 332 028a B0E0      		ldi r27,hi8(3)
 333 028c 60E0      		ldi r22,lo8(0)
 334 028e 00C0      		rjmp .L43
 335               	.L44:
 336 0290 FE01      		movw r30,r28
 337 0292 E60F      		add r30,r22
 338 0294 F11D      		adc r31,__zero_reg__
 339 0296 9081      		ld r25,Z
 340 0298 6F5F      		subi r22,lo8(-(1))
 341 029a 7150      		subi r23,lo8(-(-1))
 342 029c 01F4      		brne .L45
 343 029e 10E0      		ldi r17,lo8(0)
 344 02a0 40E0      		ldi r20,lo8(0)
 345 02a2 00C0      		rjmp .L47
 346               	.L45:
 347 02a4 FE01      		movw r30,r28
 348 02a6 E60F      		add r30,r22
 349 02a8 F11D      		adc r31,__zero_reg__
 350 02aa 4081      		ld r20,Z
 351 02ac 6F5F      		subi r22,lo8(-(1))
 352 02ae 7150      		subi r23,lo8(-(-1))
 353 02b0 01F4      		brne .L48
 354 02b2 10E0      		ldi r17,lo8(0)
 355 02b4 00C0      		rjmp .L47
 356               	.L48:
 357 02b6 FE01      		movw r30,r28
 358 02b8 E60F      		add r30,r22
 359 02ba F11D      		adc r31,__zero_reg__
 360 02bc 1081      		ld r17,Z
 361 02be 6F5F      		subi r22,lo8(-(1))
 362 02c0 7150      		subi r23,lo8(-(-1))
 363               	.L47:
 364 02c2 892F      		mov r24,r25
 365 02c4 8695      		lsr r24
 366 02c6 8695      		lsr r24
 367 02c8 835C      		subi r24,lo8(-(61))
 368 02ca FD01      		movw r30,r26
 369 02cc E050      		subi r30,lo8(-(SendeBuffer))
 370 02ce F040      		sbci r31,hi8(-(SendeBuffer))
 371 02d0 8083      		st Z,r24
 372 02d2 50E0      		ldi r21,lo8(0)
 373 02d4 9A01      		movw r18,r20
 374 02d6 84E0      		ldi r24,4
 375 02d8 3695      	1:	lsr r19
 376 02da 2795      		ror r18
 377 02dc 8A95      		dec r24
 378 02de 01F4      		brne 1b
 379 02e0 892F      		mov r24,r25
 380 02e2 90E0      		ldi r25,lo8(0)
 381 02e4 8370      		andi r24,lo8(3)
 382 02e6 9070      		andi r25,hi8(3)
 383 02e8 F4E0      		ldi r31,4
 384 02ea 880F      	1:	lsl r24
 385 02ec 991F      		rol r25
 386 02ee FA95      		dec r31
 387 02f0 01F4      		brne 1b
 388 02f2 282B      		or r18,r24
 389 02f4 235C      		subi r18,lo8(-(61))
 390 02f6 FD01      		movw r30,r26
 391 02f8 E050      		subi r30,lo8(-(SendeBuffer+1))
 392 02fa F040      		sbci r31,hi8(-(SendeBuffer+1))
 393 02fc 2083      		st Z,r18
 394 02fe 812F      		mov r24,r17
 395 0300 8295      		swap r24
 396 0302 8695      		lsr r24
 397 0304 8695      		lsr r24
 398 0306 8370      		andi r24,lo8(3)
 399 0308 4F70      		andi r20,lo8(15)
 400 030a 5070      		andi r21,hi8(15)
 401 030c 440F      		lsl r20
 402 030e 551F      		rol r21
 403 0310 440F      		lsl r20
 404 0312 551F      		rol r21
 405 0314 842B      		or r24,r20
 406 0316 835C      		subi r24,lo8(-(61))
 407 0318 FD01      		movw r30,r26
 408 031a E050      		subi r30,lo8(-(SendeBuffer+2))
 409 031c F040      		sbci r31,hi8(-(SendeBuffer+2))
 410 031e 8083      		st Z,r24
 411 0320 1F73      		andi r17,lo8(63)
 412 0322 135C      		subi r17,lo8(-(61))
 413 0324 FD01      		movw r30,r26
 414 0326 E050      		subi r30,lo8(-(SendeBuffer+3))
 415 0328 F040      		sbci r31,hi8(-(SendeBuffer+3))
 416 032a 1083      		st Z,r17
 417 032c 1496      		adiw r26,4
 418               	.L43:
 419 032e 7723      		tst r23
 420 0330 01F0      		breq .+2
 421 0332 00C0      		rjmp .L44
 422 0334 CD01      		movw r24,r26
 423 0336 0E94 0000 		call AddCRC
 424               	/* epilogue: frame size=0 */
 425 033a DF91      		pop r29
 426 033c CF91      		pop r28
 427 033e 1F91      		pop r17
 428 0340 0895      		ret
 429               	/* epilogue end (size=4) */
 430               	/* function SendOutData size 107 (100) */
 432               	.global	Decode64
 434               	Decode64:
 435               	/* prologue: frame size=0 */
 436 0342 1F93      		push r17
 437 0344 CF93      		push r28
 438 0346 DF93      		push r29
 439               	/* prologue end (size=3) */
 440 0348 EC01      		movw r28,r24
 441 034a 70E0      		ldi r23,lo8(0)
 442 034c A22F      		mov r26,r18
 443 034e B0E0      		ldi r27,lo8(0)
 444 0350 1297      		sbiw r26,2
 445 0352 00C0      		rjmp .L53
 446               	.L54:
 447 0354 E42F      		mov r30,r20
 448 0356 F0E0      		ldi r31,lo8(0)
 449 0358 E050      		subi r30,lo8(-(RxdBuffer))
 450 035a F040      		sbci r31,hi8(-(RxdBuffer))
 451 035c 3081      		ld r19,Z
 452 035e 4F5F      		subi r20,lo8(-(1))
 453 0360 E42F      		mov r30,r20
 454 0362 F0E0      		ldi r31,lo8(0)
 455 0364 E050      		subi r30,lo8(-(RxdBuffer))
 456 0366 F040      		sbci r31,hi8(-(RxdBuffer))
 457 0368 5081      		ld r21,Z
 458 036a 4F5F      		subi r20,lo8(-(1))
 459 036c E42F      		mov r30,r20
 460 036e F0E0      		ldi r31,lo8(0)
 461 0370 E050      		subi r30,lo8(-(RxdBuffer))
 462 0372 F040      		sbci r31,hi8(-(RxdBuffer))
 463 0374 1081      		ld r17,Z
 464 0376 4F5F      		subi r20,lo8(-(1))
 465 0378 E42F      		mov r30,r20
 466 037a F0E0      		ldi r31,lo8(0)
 467 037c E050      		subi r30,lo8(-(RxdBuffer))
 468 037e F040      		sbci r31,hi8(-(RxdBuffer))
 469 0380 2081      		ld r18,Z
 470 0382 4F5F      		subi r20,lo8(-(1))
 471 0384 842F      		mov r24,r20
 472 0386 90E0      		ldi r25,lo8(0)
 473 0388 A817      		cp r26,r24
 474 038a B907      		cpc r27,r25
 475 038c 04F0      		brlt .L59
 476 038e 5D53      		subi r21,lo8(-(-61))
 477 0390 FE01      		movw r30,r28
 478 0392 E70F      		add r30,r23
 479 0394 F11D      		adc r31,__zero_reg__
 480 0396 852F      		mov r24,r21
 481 0398 8295      		swap r24
 482 039a 8F70      		andi r24,lo8(15)
 483 039c 3D53      		subi r19,lo8(-(-61))
 484 039e 330F      		lsl r19
 485 03a0 330F      		lsl r19
 486 03a2 382B      		or r19,r24
 487 03a4 3083      		st Z,r19
 488 03a6 6130      		cpi r22,lo8(1)
 489 03a8 01F0      		breq .L59
 490 03aa 912F      		mov r25,r17
 491 03ac 9D53      		subi r25,lo8(-(-61))
 492 03ae 7F5F      		subi r23,lo8(-(1))
 493 03b0 FE01      		movw r30,r28
 494 03b2 E70F      		add r30,r23
 495 03b4 F11D      		adc r31,__zero_reg__
 496 03b6 7150      		subi r23,lo8(-(-1))
 497 03b8 5295      		swap r21
 498 03ba 507F      		andi r21,lo8(-16)
 499 03bc 892F      		mov r24,r25
 500 03be 8695      		lsr r24
 501 03c0 8695      		lsr r24
 502 03c2 582B      		or r21,r24
 503 03c4 5083      		st Z,r21
 504 03c6 6350      		subi r22,lo8(-(-3))
 505 03c8 6F3F      		cpi r22,lo8(-1)
 506 03ca 01F0      		breq .L59
 507 03cc 7E5F      		subi r23,lo8(-(2))
 508 03ce FE01      		movw r30,r28
 509 03d0 E70F      		add r30,r23
 510 03d2 F11D      		adc r31,__zero_reg__
 511 03d4 9295      		swap r25
 512 03d6 990F      		lsl r25
 513 03d8 990F      		lsl r25
 514 03da 907C      		andi r25,lo8(-64)
 515 03dc 2D53      		subi r18,lo8(-(-61))
 516 03de 922B      		or r25,r18
 517 03e0 9083      		st Z,r25
 518 03e2 7F5F      		subi r23,lo8(-(1))
 519               	.L53:
 520 03e4 6623      		tst r22
 521 03e6 01F0      		breq .+2
 522 03e8 00C0      		rjmp .L54
 523               	.L59:
 524               	/* epilogue: frame size=0 */
 525 03ea DF91      		pop r29
 526 03ec CF91      		pop r28
 527 03ee 1F91      		pop r17
 528 03f0 0895      		ret
 529               	/* epilogue end (size=4) */
 530               	/* function Decode64 size 88 (81) */
 532               	.global	uart_putchar
 534               	uart_putchar:
 535               	/* prologue: frame size=0 */
 536 03f2 1F93      		push r17
 537               	/* prologue end (size=1) */
 538 03f4 182F      		mov r17,r24
 539 03f6 8A30      		cpi r24,lo8(10)
 540 03f8 01F4      		brne .L65
 541 03fa 8DE0      		ldi r24,lo8(13)
 542 03fc 0E94 0000 		call uart_putchar
 543               	.L65:
 544 0400 8091 C000 		lds r24,192
 545 0404 85FF      		sbrs r24,5
 546 0406 00C0      		rjmp .L65
 547 0408 1093 C600 		sts 198,r17
 548 040c 80E0      		ldi r24,lo8(0)
 549 040e 90E0      		ldi r25,hi8(0)
 550               	/* epilogue: frame size=0 */
 551 0410 1F91      		pop r17
 552 0412 0895      		ret
 553               	/* epilogue end (size=2) */
 554               	/* function uart_putchar size 17 (14) */
 556               	.global	WriteProgramData
 558               	WriteProgramData:
 559               	/* prologue: frame size=0 */
 560               	/* prologue end (size=0) */
 561               	/* epilogue: frame size=0 */
 562 0414 0895      		ret
 563               	/* epilogue end (size=1) */
 564               	/* function WriteProgramData size 1 (0) */
 566               	.global	UART_Init
 568               	UART_Init:
 569               	/* prologue: frame size=0 */
 570               	/* prologue end (size=0) */
 571 0416 E1EC      		ldi r30,lo8(193)
 572 0418 F0E0      		ldi r31,hi8(193)
 573 041a 88E1      		ldi r24,lo8(24)
 574 041c 8083      		st Z,r24
 575 041e A0EC      		ldi r26,lo8(192)
 576 0420 B0E0      		ldi r27,hi8(192)
 577 0422 8C91      		ld r24,X
 578 0424 8260      		ori r24,lo8(2)
 579 0426 8C93      		st X,r24
 580 0428 8081      		ld r24,Z
 581 042a 8068      		ori r24,lo8(-128)
 582 042c 8083      		st Z,r24
 583 042e 8081      		ld r24,Z
 584 0430 8064      		ori r24,lo8(64)
 585 0432 8083      		st Z,r24
 586 0434 8AE2      		ldi r24,lo8(42)
 587 0436 8093 C400 		sts 196,r24
 588 043a 88EC      		ldi r24,lo8(200)
 589 043c 90E0      		ldi r25,hi8(200)
 590 043e 0E94 0000 		call SetDelay
 591 0442 9093 0000 		sts (Debug_Timer)+1,r25
 592 0446 8093 0000 		sts Debug_Timer,r24
 593               	/* epilogue: frame size=0 */
 594 044a 0895      		ret
 595               	/* epilogue end (size=1) */
 596               	/* function UART_Init size 27 (26) */
 598               	.global	DatenUebertragung
 600               	DatenUebertragung:
 601               	/* prologue: frame size=0 */
 602               	/* prologue end (size=0) */
 603 044c 8091 0000 		lds r24,UebertragungAbgeschlossen
 604 0450 8823      		tst r24
 605 0452 01F4      		brne .+2
 606 0454 00C0      		rjmp .L95
 607 0456 8091 0000 		lds r24,DebugGetAnforderung
 608 045a 8823      		tst r24
 609 045c 01F0      		breq .L75
 610 045e 8091 0000 		lds r24,UebertragungAbgeschlossen
 611 0462 8823      		tst r24
 612 0464 01F0      		breq .L75
 613 0466 6091 0000 		lds r22,MeineSlaveAdresse
 614 046a 2BE0      		ldi r18,lo8(11)
 615 046c 40E0      		ldi r20,lo8(ExternControl)
 616 046e 50E0      		ldi r21,hi8(ExternControl)
 617 0470 87E4      		ldi r24,lo8(71)
 618 0472 0E94 0000 		call SendOutData
 619 0476 1092 0000 		sts DebugGetAnforderung,__zero_reg__
 620               	.L75:
 621 047a 8091 0000 		lds r24,Debug_Timer
 622 047e 9091 0000 		lds r25,(Debug_Timer)+1
 623 0482 0E94 0000 		call CheckDelay
 624 0486 8823      		tst r24
 625 0488 01F4      		brne .L78
 626 048a 8091 0000 		lds r24,DebugDataAnforderung
 627 048e 8823      		tst r24
 628 0490 01F0      		breq .L80
 629               	.L78:
 630 0492 8091 0000 		lds r24,UebertragungAbgeschlossen
 631 0496 8823      		tst r24
 632 0498 01F0      		breq .L80
 633 049a 6091 0000 		lds r22,MeineSlaveAdresse
 634 049e 22E4      		ldi r18,lo8(66)
 635 04a0 40E0      		ldi r20,lo8(DebugOut)
 636 04a2 50E0      		ldi r21,hi8(DebugOut)
 637 04a4 84E4      		ldi r24,lo8(68)
 638 04a6 0E94 0000 		call SendOutData
 639 04aa 1092 0000 		sts DebugDataAnforderung,__zero_reg__
 640 04ae 84EF      		ldi r24,lo8(500)
 641 04b0 91E0      		ldi r25,hi8(500)
 642 04b2 0E94 0000 		call SetDelay
 643 04b6 9093 0000 		sts (Debug_Timer)+1,r25
 644 04ba 8093 0000 		sts Debug_Timer,r24
 645               	.L80:
 646 04be 6091 0000 		lds r22,DebugTextAnforderung
 647 04c2 6F3F      		cpi r22,lo8(-1)
 648 04c4 01F0      		breq .L82
 649 04c6 462F      		mov r20,r22
 650 04c8 50E0      		ldi r21,lo8(0)
 651 04ca 94E0      		ldi r25,4
 652 04cc 440F      	1:	lsl r20
 653 04ce 551F      		rol r21
 654 04d0 9A95      		dec r25
 655 04d2 01F4      		brne 1b
 656 04d4 4050      		subi r20,lo8(-(ANALOG_TEXT))
 657 04d6 5040      		sbci r21,hi8(-(ANALOG_TEXT))
 658 04d8 605D      		subi r22,lo8(-(48))
 659 04da 20E1      		ldi r18,lo8(16)
 660 04dc 81E4      		ldi r24,lo8(65)
 661 04de 0E94 0000 		call SendOutData
 662 04e2 8FEF      		ldi r24,lo8(-1)
 663 04e4 8093 0000 		sts DebugTextAnforderung,r24
 664               	.L82:
 665 04e8 9091 0000 		lds r25,ConfirmFrame
 666 04ec 9923      		tst r25
 667 04ee 01F0      		breq .L84
 668 04f0 8091 0000 		lds r24,UebertragungAbgeschlossen
 669 04f4 8823      		tst r24
 670 04f6 01F0      		breq .L84
 671 04f8 83E2      		ldi r24,lo8(35)
 672 04fa 8093 0000 		sts SendeBuffer,r24
 673 04fe 9093 0000 		sts SendeBuffer+1,r25
 674 0502 8DE0      		ldi r24,lo8(13)
 675 0504 8093 0000 		sts SendeBuffer+2,r24
 676 0508 1092 0000 		sts UebertragungAbgeschlossen,__zero_reg__
 677 050c 1092 0000 		sts ConfirmFrame,__zero_reg__
 678 0510 8091 0000 		lds r24,SendeBuffer
 679 0514 8093 C600 		sts 198,r24
 680               	.L84:
 681 0518 8091 0000 		lds r24,DebugDisplayAnforderung
 682 051c 8823      		tst r24
 683 051e 01F0      		breq .L87
 684 0520 8091 0000 		lds r24,UebertragungAbgeschlossen
 685 0524 8823      		tst r24
 686 0526 01F0      		breq .L87
 687 0528 0E94 0000 		call Menu
 688 052c 1092 0000 		sts DebugDisplayAnforderung,__zero_reg__
 689 0530 3091 0000 		lds r19,RemotePollDisplayLine
 690 0534 932F      		mov r25,r19
 691 0536 9F5F      		subi r25,lo8(-(1))
 692 0538 9093 0000 		sts RemotePollDisplayLine,r25
 693 053c 9430      		cpi r25,lo8(4)
 694 053e 01F0      		breq .L90
 695 0540 8091 0000 		lds r24,NurKanalAnforderung
 696 0544 8823      		tst r24
 697 0546 01F0      		breq .L92
 698               	.L90:
 699 0548 26E1      		ldi r18,lo8(22)
 700 054a 40E0      		ldi r20,lo8(PPM_in)
 701 054c 50E0      		ldi r21,hi8(PPM_in)
 702 054e 60E0      		ldi r22,lo8(0)
 703 0550 84E3      		ldi r24,lo8(52)
 704 0552 0E94 0000 		call SendOutData
 705 0556 8FEF      		ldi r24,lo8(-1)
 706 0558 8093 0000 		sts RemotePollDisplayLine,r24
 707 055c 00C0      		rjmp .L87
 708               	.L92:
 709 055e 44E1      		ldi r20,lo8(20)
 710 0560 949F      		mul r25,r20
 711 0562 A001      		movw r20,r0
 712 0564 1124      		clr r1
 713 0566 4050      		subi r20,lo8(-(DisplayBuff))
 714 0568 5040      		sbci r21,hi8(-(DisplayBuff))
 715 056a 24E1      		ldi r18,lo8(20)
 716 056c 60E0      		ldi r22,lo8(0)
 717 056e 832F      		mov r24,r19
 718 0570 8F5C      		subi r24,lo8(-(49))
 719 0572 0E94 0000 		call SendOutData
 720               	.L87:
 721 0576 8091 0000 		lds r24,GetVersionAnforderung
 722 057a 8823      		tst r24
 723 057c 01F0      		breq .L95
 724 057e 8091 0000 		lds r24,UebertragungAbgeschlossen
 725 0582 8823      		tst r24
 726 0584 01F0      		breq .L95
 727 0586 6091 0000 		lds r22,MeineSlaveAdresse
 728 058a 2AE0      		ldi r18,lo8(10)
 729 058c 40E0      		ldi r20,lo8(VersionInfo)
 730 058e 50E0      		ldi r21,hi8(VersionInfo)
 731 0590 86E5      		ldi r24,lo8(86)
 732 0592 0E94 0000 		call SendOutData
 733 0596 1092 0000 		sts GetVersionAnforderung,__zero_reg__
 734               	.L95:
 735 059a 0895      		ret
 736               	/* epilogue: frame size=0 */
 737               	/* epilogue: noreturn */
 738               	/* epilogue end (size=0) */
 739               	/* function DatenUebertragung size 168 (168) */
 741               	.global	BearbeiteRxDaten
 743               	BearbeiteRxDaten:
 744               	/* prologue: frame size=2 */
 745 059c 1F93      		push r17
 746 059e CF93      		push r28
 747 05a0 DF93      		push r29
 748 05a2 CDB7      		in r28,__SP_L__
 749 05a4 DEB7      		in r29,__SP_H__
 750 05a6 2297      		sbiw r28,2
 751 05a8 0FB6      		in __tmp_reg__,__SREG__
 752 05aa F894      		cli
 753 05ac DEBF      		out __SP_H__,r29
 754 05ae 0FBE      		out __SREG__,__tmp_reg__
 755 05b0 CDBF      		out __SP_L__,r28
 756               	/* prologue end (size=11) */
 757 05b2 8091 0000 		lds r24,NeuerDatensatzEmpfangen
 758 05b6 8823      		tst r24
 759 05b8 01F4      		brne .+2
 760 05ba 00C0      		rjmp .L119
 761 05bc 8FEF      		ldi r24,lo8(-1)
 762 05be 8093 0000 		sts PcZugriff,r24
 763 05c2 8091 0000 		lds r24,RxdBuffer+2
 764 05c6 8B36      		cpi r24,lo8(107)
 765 05c8 01F4      		brne .+2
 766 05ca 00C0      		rjmp .L105
 767 05cc 8C36      		cpi r24,lo8(108)
 768 05ce 00F4      		brsh .L110
 769 05d0 8336      		cpi r24,lo8(99)
 770 05d2 01F0      		breq .L102
 771 05d4 8436      		cpi r24,lo8(100)
 772 05d6 00F4      		brsh .L111
 773 05d8 8136      		cpi r24,lo8(97)
 774 05da 01F0      		breq .L100
 775 05dc 8236      		cpi r24,lo8(98)
 776 05de 01F0      		breq .+2
 777 05e0 00C0      		rjmp .L99
 778 05e2 00C0      		rjmp .L101
 779               	.L111:
 780 05e4 8736      		cpi r24,lo8(103)
 781 05e6 01F4      		brne .+2
 782 05e8 00C0      		rjmp .L103
 783 05ea 8836      		cpi r24,lo8(104)
 784 05ec 01F0      		breq .+2
 785 05ee 00C0      		rjmp .L99
 786 05f0 00C0      		rjmp .L104
 787               	.L110:
 788 05f2 8137      		cpi r24,lo8(113)
 789 05f4 01F4      		brne .+2
 790 05f6 00C0      		rjmp .L107
 791 05f8 8137      		cpi r24,lo8(113)
 792 05fa 00F4      		brsh .+2
 793 05fc 00C0      		rjmp .L106
 794 05fe 8437      		cpi r24,lo8(116)
 795 0600 01F4      		brne .+2
 796 0602 00C0      		rjmp .L108
 797 0604 8637      		cpi r24,lo8(118)
 798 0606 01F0      		breq .+2
 799 0608 00C0      		rjmp .L99
 800 060a 00C0      		rjmp .L109
 801               	.L100:
 802 060c 2091 0000 		lds r18,AnzahlEmpfangsBytes
 803 0610 43E0      		ldi r20,lo8(3)
 804 0612 62E0      		ldi r22,lo8(2)
 805 0614 CE01      		movw r24,r28
 806 0616 0196      		adiw r24,1
 807 0618 0E94 0000 		call Decode64
 808 061c 8981      		ldd r24,Y+1
 809 061e 8093 0000 		sts DebugTextAnforderung,r24
 810 0622 00C0      		rjmp .L99
 811               	.L101:
 812 0624 2091 0000 		lds r18,AnzahlEmpfangsBytes
 813 0628 43E0      		ldi r20,lo8(3)
 814 062a 6BE0      		ldi r22,lo8(11)
 815 062c 80E0      		ldi r24,lo8(ExternControl)
 816 062e 90E0      		ldi r25,hi8(ExternControl)
 817 0630 0E94 0000 		call Decode64
 818 0634 8091 0000 		lds r24,RemoteTasten
 819 0638 9091 0000 		lds r25,ExternControl+2
 820 063c 892B      		or r24,r25
 821 063e 8093 0000 		sts RemoteTasten,r24
 822 0642 8091 0000 		lds r24,ExternControl+9
 823 0646 00C0      		rjmp .L120
 824               	.L102:
 825 0648 2091 0000 		lds r18,AnzahlEmpfangsBytes
 826 064c 43E0      		ldi r20,lo8(3)
 827 064e 6BE0      		ldi r22,lo8(11)
 828 0650 80E0      		ldi r24,lo8(ExternControl)
 829 0652 90E0      		ldi r25,hi8(ExternControl)
 830 0654 0E94 0000 		call Decode64
 831 0658 8091 0000 		lds r24,RemoteTasten
 832 065c 9091 0000 		lds r25,ExternControl+2
 833 0660 892B      		or r24,r25
 834 0662 8093 0000 		sts RemoteTasten,r24
 835 0666 8091 0000 		lds r24,ExternControl+9
 836 066a 8093 0000 		sts ConfirmFrame,r24
 837 066e 81E0      		ldi r24,lo8(1)
 838 0670 8093 0000 		sts DebugDataAnforderung,r24
 839 0674 00C0      		rjmp .L99
 840               	.L104:
 841 0676 2091 0000 		lds r18,AnzahlEmpfangsBytes
 842 067a 43E0      		ldi r20,lo8(3)
 843 067c 62E0      		ldi r22,lo8(2)
 844 067e CE01      		movw r24,r28
 845 0680 0196      		adiw r24,1
 846 0682 0E94 0000 		call Decode64
 847 0686 8091 0000 		lds r24,RemoteTasten
 848 068a 9981      		ldd r25,Y+1
 849 068c 892B      		or r24,r25
 850 068e 8093 0000 		sts RemoteTasten,r24
 851 0692 8A81      		ldd r24,Y+2
 852 0694 8F3F      		cpi r24,lo8(-1)
 853 0696 01F4      		brne .L112
 854 0698 81E0      		ldi r24,lo8(1)
 855 069a 8093 0000 		sts NurKanalAnforderung,r24
 856 069e 00C0      		rjmp .L114
 857               	.L112:
 858 06a0 1092 0000 		sts NurKanalAnforderung,__zero_reg__
 859               	.L114:
 860 06a4 81E0      		ldi r24,lo8(1)
 861 06a6 8093 0000 		sts DebugDisplayAnforderung,r24
 862 06aa 00C0      		rjmp .L99
 863               	.L108:
 864 06ac 2091 0000 		lds r18,AnzahlEmpfangsBytes
 865 06b0 43E0      		ldi r20,lo8(3)
 866 06b2 64E0      		ldi r22,lo8(4)
 867 06b4 80E0      		ldi r24,lo8(MotorTest)
 868 06b6 90E0      		ldi r25,hi8(MotorTest)
 869 06b8 0E94 0000 		call Decode64
 870 06bc 00C0      		rjmp .L99
 871               	.L105:
 872 06be 2091 0000 		lds r18,AnzahlEmpfangsBytes
 873 06c2 43E0      		ldi r20,lo8(3)
 874 06c4 64E0      		ldi r22,lo8(4)
 875 06c6 80E0      		ldi r24,lo8(DubWiseKeys)
 876 06c8 90E0      		ldi r25,hi8(DubWiseKeys)
 877 06ca 0E94 0000 		call Decode64
 878 06ce 8091 0000 		lds r24,DubWiseKeys+3
 879               	.L120:
 880 06d2 8093 0000 		sts ConfirmFrame,r24
 881 06d6 00C0      		rjmp .L99
 882               	.L109:
 883 06d8 81E0      		ldi r24,lo8(1)
 884 06da 8093 0000 		sts GetVersionAnforderung,r24
 885 06de 00C0      		rjmp .L99
 886               	.L103:
 887 06e0 81E0      		ldi r24,lo8(1)
 888 06e2 8093 0000 		sts DebugGetAnforderung,r24
 889 06e6 00C0      		rjmp .L99
 890               	.L107:
 891 06e8 2091 0000 		lds r18,AnzahlEmpfangsBytes
 892 06ec 43E0      		ldi r20,lo8(3)
 893 06ee 62E0      		ldi r22,lo8(2)
 894 06f0 CE01      		movw r24,r28
 895 06f2 0196      		adiw r24,1
 896 06f4 0E94 0000 		call Decode64
 897 06f8 8981      		ldd r24,Y+1
 898 06fa 8F3F      		cpi r24,lo8(-1)
 899 06fc 01F0      		breq .L115
 900 06fe 8630      		cpi r24,lo8(6)
 901 0700 00F0      		brlo .L117
 902 0702 85E0      		ldi r24,lo8(5)
 903 0704 8983      		std Y+1,r24
 904               	.L117:
 905 0706 47E4      		ldi r20,lo8(71)
 906 0708 60E0      		ldi r22,lo8(EE_Parameter)
 907 070a 70E0      		ldi r23,hi8(EE_Parameter)
 908 070c 8981      		ldd r24,Y+1
 909 070e 0E94 0000 		call ReadParameterSet
 910 0712 6091 0000 		lds r22,MeineSlaveAdresse
 911 0716 8981      		ldd r24,Y+1
 912 0718 27E4      		ldi r18,lo8(71)
 913 071a 40E0      		ldi r20,lo8(EE_Parameter)
 914 071c 50E0      		ldi r21,hi8(EE_Parameter)
 915 071e 00C0      		rjmp .L121
 916               	.L115:
 917 0720 1091 0000 		lds r17,MeineSlaveAdresse
 918 0724 0E94 0000 		call GetActiveParamSetNumber
 919 0728 27E4      		ldi r18,lo8(71)
 920 072a 40E0      		ldi r20,lo8(EE_Parameter)
 921 072c 50E0      		ldi r21,hi8(EE_Parameter)
 922 072e 612F      		mov r22,r17
 923               	.L121:
 924 0730 855B      		subi r24,lo8(-(75))
 925 0732 0E94 0000 		call SendOutData
 926 0736 00C0      		rjmp .L99
 927               	.L106:
 928 0738 2091 0000 		lds r18,AnzahlEmpfangsBytes
 929 073c 43E0      		ldi r20,lo8(3)
 930 073e 67E4      		ldi r22,lo8(71)
 931 0740 80E0      		ldi r24,lo8(EE_Parameter)
 932 0742 90E0      		ldi r25,hi8(EE_Parameter)
 933 0744 0E94 0000 		call Decode64
 934 0748 8091 0000 		lds r24,RxdBuffer+2
 935 074c 47E4      		ldi r20,lo8(71)
 936 074e 60E0      		ldi r22,lo8(EE_Parameter)
 937 0750 70E0      		ldi r23,hi8(EE_Parameter)
 938 0752 8B56      		subi r24,lo8(-(-107))
 939 0754 0E94 0000 		call WriteParameterSet
 940 0758 8091 0000 		lds r24,RxdBuffer+2
 941 075c 8B56      		subi r24,lo8(-(-107))
 942 075e A0E0      		ldi r26,lo8(EEPromArray+2)
 943 0760 B0E0      		ldi r27,hi8(EEPromArray+2)
 944               	/* #APP */
 945 0762 082E      		mov __tmp_reg__,r24
 946 0764 0E94 0000 		call __eeprom_write_byte_1F2021
 947               	/* #NOAPP */
 948 0768 6091 0000 		lds r22,EE_Parameter+43
 949 076c 70E0      		ldi r23,lo8(0)
 950 076e 80E0      		ldi r24,lo8(0)
 951 0770 90E0      		ldi r25,hi8(0)
 952 0772 24EC      		ldi r18,lo8(2500)
 953 0774 39E0      		ldi r19,hi8(2500)
 954 0776 40E0      		ldi r20,hlo8(2500)
 955 0778 50E0      		ldi r21,hhi8(2500)
 956 077a 0E94 0000 		call __mulsi3
 957 077e 6093 0000 		sts Umschlag180Nick,r22
 958 0782 7093 0000 		sts (Umschlag180Nick)+1,r23
 959 0786 8093 0000 		sts (Umschlag180Nick)+2,r24
 960 078a 9093 0000 		sts (Umschlag180Nick)+3,r25
 961 078e 6091 0000 		lds r22,EE_Parameter+44
 962 0792 70E0      		ldi r23,lo8(0)
 963 0794 80E0      		ldi r24,lo8(0)
 964 0796 90E0      		ldi r25,hi8(0)
 965 0798 0E94 0000 		call __mulsi3
 966 079c 6093 0000 		sts Umschlag180Roll,r22
 967 07a0 7093 0000 		sts (Umschlag180Roll)+1,r23
 968 07a4 8093 0000 		sts (Umschlag180Roll)+2,r24
 969 07a8 9093 0000 		sts (Umschlag180Roll)+3,r25
 970 07ac 0E94 0000 		call GetActiveParamSetNumber
 971 07b0 0E94 0000 		call Piep
 972               	.L99:
 973 07b4 1092 0000 		sts NeuerDatensatzEmpfangen,__zero_reg__
 974               	.L119:
 975               	/* epilogue: frame size=2 */
 976 07b8 2296      		adiw r28,2
 977 07ba 0FB6      		in __tmp_reg__,__SREG__
 978 07bc F894      		cli
 979 07be DEBF      		out __SP_H__,r29
 980 07c0 0FBE      		out __SREG__,__tmp_reg__
 981 07c2 CDBF      		out __SP_L__,r28
 982 07c4 DF91      		pop r29
 983 07c6 CF91      		pop r28
 984 07c8 1F91      		pop r17
 985 07ca 0895      		ret
 986               	/* epilogue end (size=10) */
 987               	/* function BearbeiteRxDaten size 281 (260) */
 989               	.global	DebugGetAnforderung
 990               	.global	DebugGetAnforderung
 991               		.section .bss
 994               	DebugGetAnforderung:
 995 0000 00        		.skip 1,0
 996               	.global	DebugDisplayAnforderung
 997               	.global	DebugDisplayAnforderung
 1000               	DebugDisplayAnforderung:
 1001 0001 00        		.skip 1,0
 1002               	.global	DebugDataAnforderung
 1003               	.global	DebugDataAnforderung
 1006               	DebugDataAnforderung:
 1007 0002 00        		.skip 1,0
 1008               	.global	GetVersionAnforderung
 1009               	.global	GetVersionAnforderung
 1012               	GetVersionAnforderung:
 1013 0003 00        		.skip 1,0
 1014               	.global	SioTmp
 1015               	.global	SioTmp
 1018               	SioTmp:
 1019 0004 00        		.skip 1,0
 1020               	.global	NeuerDatensatzEmpfangen
 1021               	.global	NeuerDatensatzEmpfangen
 1024               	NeuerDatensatzEmpfangen:
 1025 0005 00        		.skip 1,0
 1026               	.global	NeueKoordinateEmpfangen
 1027               	.global	NeueKoordinateEmpfangen
 1030               	NeueKoordinateEmpfangen:
 1031 0006 00        		.skip 1,0
 1032               	.global	UebertragungAbgeschlossen
 1033               		.data
 1036               	UebertragungAbgeschlossen:
 1037 0000 01        		.byte	1
 1038               	.global	CntCrcError
 1039               	.global	CntCrcError
 1040               		.section .bss
 1043               	CntCrcError:
 1044 0007 00        		.skip 1,0
 1045               	.global	AnzahlEmpfangsBytes
 1046               	.global	AnzahlEmpfangsBytes
 1049               	AnzahlEmpfangsBytes:
 1050 0008 00        		.skip 1,0
 1051               	.global	PC_DebugTimeout
 1052               	.global	PC_DebugTimeout
 1055               	PC_DebugTimeout:
 1056 0009 00        		.skip 1,0
 1057               	.global	RemotePollDisplayLine
 1058               	.global	RemotePollDisplayLine
 1061               	RemotePollDisplayLine:
 1062 000a 00        		.skip 1,0
 1063               	.global	NurKanalAnforderung
 1064               	.global	NurKanalAnforderung
 1067               	NurKanalAnforderung:
 1068 000b 00        		.skip 1,0
 1069               	.global	DebugTextAnforderung
 1070               		.data
 1073               	DebugTextAnforderung:
 1074 0001 FF        		.byte	-1
 1075               	.global	PcZugriff
 1078               	PcZugriff:
 1079 0002 64        		.byte	100
 1080               	.global	MotorTest
 1081               	.global	MotorTest
 1082               		.section .bss
 1085               	MotorTest:
 1086 000c 0000 0000 		.skip 4,0
 1087               	.global	DubWiseKeys
 1088               	.global	DubWiseKeys
 1091               	DubWiseKeys:
 1092 0010 0000 0000 		.skip 4,0
 1093               	.global	ANALOG_TEXT
 1094               		.data
 1097               	ANALOG_TEXT:
 1098 0003 496E 7465 		.ascii	"IntegralNick    "
 1098      6772 616C 
 1098      4E69 636B 
 1098      2020 2020 
 1099 0013 496E 7465 		.ascii	"IntegralRoll    "
 1099      6772 616C 
 1099      526F 6C6C 
 1099      2020 2020 
 1100 0023 4163 634E 		.ascii	"AccNick         "
 1100      6963 6B20 
 1100      2020 2020 
 1100      2020 2020 
 1101 0033 4163 6352 		.ascii	"AccRoll         "
 1101      6F6C 6C20 
 1101      2020 2020 
 1101      2020 2020 
 1102 0043 4779 726F 		.ascii	"GyroGier        "
 1102      4769 6572 
 1102      2020 2020 
 1102      2020 2020 
 1103 0053 486F 6568 		.ascii	"HoehenWert      "
 1103      656E 5765 
 1103      7274 2020 
 1103      2020 2020 
 1104 0063 4163 635A 		.ascii	"AccZ            "
 1104      2020 2020 
 1104      2020 2020 
 1104      2020 2020 
 1105 0073 4761 7320 		.ascii	"Gas             "
 1105      2020 2020 
 1105      2020 2020 
 1105      2020 2020 
 1106 0083 4B6F 6D70 		.ascii	"KompassValue    "
 1106      6173 7356 
 1106      616C 7565 
 1106      2020 2020 
 1107 0093 5370 616E 		.ascii	"Spannung        "
 1107      6E75 6E67 
 1107      2020 2020 
 1107      2020 2020 
 1108 00a3 456D 7066 		.ascii	"Empfang         "
 1108      616E 6720 
 1108      2020 2020 
 1108      2020 2020 
 1109 00b3 416E 616C 		.ascii	"Analog11        "
 1109      6F67 3131 
 1109      2020 2020 
 1109      2020 2020 
 1110 00c3 4D6F 746F 		.ascii	"Motor_Vorne     "
 1110      725F 566F 
 1110      726E 6520 
 1110      2020 2020 
 1111 00d3 4D6F 746F 		.ascii	"Motor_Hinten    "
 1111      725F 4869 
 1111      6E74 656E 
 1111      2020 2020 
 1112 00e3 4D6F 746F 		.ascii	"Motor_Links     "
 1112      725F 4C69 
 1112      6E6B 7320 
 1112      2020 2020 
 1113 00f3 4D6F 746F 		.ascii	"Motor_Rechts    "
 1113      725F 5265 
 1113      6368 7473 
 1113      2020 2020 
 1114 0103 4163 635F 		.ascii	"Acc_Z           "
 1114      5A20 2020 
 1114      2020 2020 
 1114      2020 2020 
 1115 0113 4D69 7474 		.ascii	"MittelAccNick   "
 1115      656C 4163 
 1115      634E 6963 
 1115      6B20 2020 
 1116 0123 4D69 7474 		.ascii	"MittelAccRoll   "
 1116      656C 4163 
 1116      6352 6F6C 
 1116      6C20 2020 
 1117 0133 496E 7465 		.ascii	"IntegralErrNick "
 1117      6772 616C 
 1117      4572 724E 
 1117      6963 6B20 
 1118 0143 496E 7465 		.ascii	"IntegralErrRoll "
 1118      6772 616C 
 1118      4572 7252 
 1118      6F6C 6C20 
 1119 0153 4D69 7474 		.ascii	"MittelIntNick   "
 1119      656C 496E 
 1119      744E 6963 
 1119      6B20 2020 
 1120 0163 4D69 7474 		.string	"MittelIntRoll\t "
 1120      656C 496E 
 1120      7452 6F6C 
 1120      6C09 2000 
 1121 0173 4E65 7574 		.ascii	"NeutralNick     "
 1121      7261 6C4E 
 1121      6963 6B20 
 1121      2020 2020 
 1122 0183 526F 6C6C 		.ascii	"RollOffset      "
 1122      4F66 6673 
 1122      6574 2020 
 1122      2020 2020 
 1123 0193 496E 7452 		.ascii	"IntRoll*Faktor  "
 1123      6F6C 6C2A 
 1123      4661 6B74 
 1123      6F72 2020 
 1124 01a3 416E 616C 		.ascii	"Analog26        "
 1124      6F67 3236 
 1124      2020 2020 
 1124      2020 2020 
 1125 01b3 4469 7265 		.ascii	"DirektAusglRoll "
 1125      6B74 4175 
 1125      7367 6C52 
 1125      6F6C 6C20 
 1126 01c3 4D65 7373 		.ascii	"MesswertRoll    "
 1126      7765 7274 
 1126      526F 6C6C 
 1126      2020 2020 
 1127 01d3 4175 7367 		.ascii	"AusgleichRoll   "
 1127      6C65 6963 
 1127      6852 6F6C 
 1127      6C20 2020 
 1128 01e3 492D 4C61 		.ascii	"I-LageRoll      "
 1128      6765 526F 
 1128      6C6C 2020 
 1128      2020 2020 
 1129 01f3 5374 6963 		.ascii	"StickRoll       "
 1129      6B52 6F6C 
 1129      6C20 2020 
 1129      2020 2020 
 1130               		.lcomm UartState.2272,1
 1131               		.lcomm buf_ptr.2271,1
 1132               		.lcomm crc2.2270,1
 1133               		.lcomm crc1.2269,1
 1134               		.lcomm crc.2268,2
 1135               		.lcomm ptr.2255,2
 1136               		.comm SendeBuffer,150,1
 1137               		.comm RxdBuffer,150,1
 1138               		.comm MeineSlaveAdresse,1,1
 1139               		.comm Debug_Timer,2,1
 1140               		.comm DebugOut,66,1
 1141               		.comm ExternControl,11,1
 1142               		.comm VersionInfo,10,1
 1143               		.comm NMEABuffer,150,1
 1144               		.comm ConfirmFrame,1,1
 1145               	/* File "uart.c": code 1007 = 0x03ef ( 916), prologues  43, epilogues  48 */
DEFINED SYMBOLS
                            *ABS*:00000000 uart.c
C:\DOCUME~1\ADMINI~1\LOCALS~1\Temp/ccDRW0e6.s:2      *ABS*:0000003f __SREG__
C:\DOCUME~1\ADMINI~1\LOCALS~1\Temp/ccDRW0e6.s:3      *ABS*:0000003e __SP_H__
C:\DOCUME~1\ADMINI~1\LOCALS~1\Temp/ccDRW0e6.s:4      *ABS*:0000003d __SP_L__
C:\DOCUME~1\ADMINI~1\LOCALS~1\Temp/ccDRW0e6.s:5      *ABS*:00000000 __tmp_reg__
C:\DOCUME~1\ADMINI~1\LOCALS~1\Temp/ccDRW0e6.s:6      *ABS*:00000001 __zero_reg__
C:\DOCUME~1\ADMINI~1\LOCALS~1\Temp/ccDRW0e6.s:12     .text:00000000 __vector_22
C:\DOCUME~1\ADMINI~1\LOCALS~1\Temp/ccDRW0e6.s:1036   .data:00000000 UebertragungAbgeschlossen
C:\DOCUME~1\ADMINI~1\LOCALS~1\Temp/ccDRW0e6.s:1134   .bss:0000001a ptr.2255
                            *COM*:00000096 SendeBuffer
C:\DOCUME~1\ADMINI~1\LOCALS~1\Temp/ccDRW0e6.s:68     .text:0000006c __vector_20
C:\DOCUME~1\ADMINI~1\LOCALS~1\Temp/ccDRW0e6.s:1018   .bss:00000004 SioTmp
C:\DOCUME~1\ADMINI~1\LOCALS~1\Temp/ccDRW0e6.s:1130   .bss:00000015 buf_ptr.2271
                             .bss:00000014 UartState.2272
                            *COM*:00000096 RxdBuffer
C:\DOCUME~1\ADMINI~1\LOCALS~1\Temp/ccDRW0e6.s:1133   .bss:00000018 crc.2268
C:\DOCUME~1\ADMINI~1\LOCALS~1\Temp/ccDRW0e6.s:1132   .bss:00000017 crc1.2269
C:\DOCUME~1\ADMINI~1\LOCALS~1\Temp/ccDRW0e6.s:1131   .bss:00000016 crc2.2270
C:\DOCUME~1\ADMINI~1\LOCALS~1\Temp/ccDRW0e6.s:1043   .bss:00000007 CntCrcError
C:\DOCUME~1\ADMINI~1\LOCALS~1\Temp/ccDRW0e6.s:1024   .bss:00000005 NeuerDatensatzEmpfangen
C:\DOCUME~1\ADMINI~1\LOCALS~1\Temp/ccDRW0e6.s:1049   .bss:00000008 AnzahlEmpfangsBytes
C:\DOCUME~1\ADMINI~1\LOCALS~1\Temp/ccDRW0e6.s:264    .text:00000212 AddCRC
C:\DOCUME~1\ADMINI~1\LOCALS~1\Temp/ccDRW0e6.s:319    .text:00000270 SendOutData
C:\DOCUME~1\ADMINI~1\LOCALS~1\Temp/ccDRW0e6.s:434    .text:00000342 Decode64
C:\DOCUME~1\ADMINI~1\LOCALS~1\Temp/ccDRW0e6.s:534    .text:000003f2 uart_putchar
C:\DOCUME~1\ADMINI~1\LOCALS~1\Temp/ccDRW0e6.s:558    .text:00000414 WriteProgramData
C:\DOCUME~1\ADMINI~1\LOCALS~1\Temp/ccDRW0e6.s:568    .text:00000416 UART_Init
                            *COM*:00000002 Debug_Timer
C:\DOCUME~1\ADMINI~1\LOCALS~1\Temp/ccDRW0e6.s:600    .text:0000044c DatenUebertragung
C:\DOCUME~1\ADMINI~1\LOCALS~1\Temp/ccDRW0e6.s:994    .bss:00000000 DebugGetAnforderung
                            *COM*:00000001 MeineSlaveAdresse
                            *COM*:0000000b ExternControl
C:\DOCUME~1\ADMINI~1\LOCALS~1\Temp/ccDRW0e6.s:1006   .bss:00000002 DebugDataAnforderung
                            *COM*:00000042 DebugOut
C:\DOCUME~1\ADMINI~1\LOCALS~1\Temp/ccDRW0e6.s:1073   .data:00000001 DebugTextAnforderung
C:\DOCUME~1\ADMINI~1\LOCALS~1\Temp/ccDRW0e6.s:1097   .data:00000003 ANALOG_TEXT
                            *COM*:00000001 ConfirmFrame
C:\DOCUME~1\ADMINI~1\LOCALS~1\Temp/ccDRW0e6.s:1000   .bss:00000001 DebugDisplayAnforderung
C:\DOCUME~1\ADMINI~1\LOCALS~1\Temp/ccDRW0e6.s:1061   .bss:0000000a RemotePollDisplayLine
C:\DOCUME~1\ADMINI~1\LOCALS~1\Temp/ccDRW0e6.s:1067   .bss:0000000b NurKanalAnforderung
C:\DOCUME~1\ADMINI~1\LOCALS~1\Temp/ccDRW0e6.s:1012   .bss:00000003 GetVersionAnforderung
                            *COM*:0000000a VersionInfo
C:\DOCUME~1\ADMINI~1\LOCALS~1\Temp/ccDRW0e6.s:743    .text:0000059c BearbeiteRxDaten
C:\DOCUME~1\ADMINI~1\LOCALS~1\Temp/ccDRW0e6.s:1078   .data:00000002 PcZugriff
C:\DOCUME~1\ADMINI~1\LOCALS~1\Temp/ccDRW0e6.s:1085   .bss:0000000c MotorTest
C:\DOCUME~1\ADMINI~1\LOCALS~1\Temp/ccDRW0e6.s:1091   .bss:00000010 DubWiseKeys
C:\DOCUME~1\ADMINI~1\LOCALS~1\Temp/ccDRW0e6.s:1030   .bss:00000006 NeueKoordinateEmpfangen
C:\DOCUME~1\ADMINI~1\LOCALS~1\Temp/ccDRW0e6.s:1055   .bss:00000009 PC_DebugTimeout
                            *COM*:00000096 NMEABuffer

UNDEFINED SYMBOLS
__do_copy_data
__do_clear_bss
SetDelay
CheckDelay
Menu
PPM_in
DisplayBuff
RemoteTasten
EE_Parameter
ReadParameterSet
GetActiveParamSetNumber
WriteParameterSet
EEPromArray
__eeprom_write_byte_1F2021
__mulsi3
Umschlag180Nick
Umschlag180Roll
Piep
